#
# A fatal error has been detected by the Java Runtime Environment:
#
#  EXCEPTION_ACCESS_VIOLATION (0xc0000005) at pc=0x000000007658b4eb, pid=7756, tid=0x00000000000049fc
#
# JRE version: Java(TM) SE Runtime Environment (8.0_261-b12) (build 1.8.0_261-b12)
# Java VM: Java HotSpot(TM) 64-Bit Server VM (25.261-b12 mixed mode windows-amd64 compressed oops)
# Problematic frame:
# V  [jvm.dll+0x21b4eb]
#
# Failed to write core dump. Minidumps are not enabled by default on client versions of Windows
#
# If you would like to submit a bug report, please visit:
#   http://bugreport.java.com/bugreport/crash.jsp
#

---------------  T H R E A D  ---------------

Current thread (0x00000284f4c5f000):  JavaThread "AWT-EventQueue-0" [_thread_in_vm, id=18940, stack(0x000000b10ec00000,0x000000b10ed00000)]

siginfo: ExceptionCode=0xc0000005, writing address 0x000000b10ecf7580

Registers:
RAX=0x0000000000000007, RBX=0x0000000000000007, RCX=0x000000b10ecf7580, RDX=0x0000000000006000
RSP=0x000000b10ecfd580, RBP=0x000000b10ecfd680, RSI=0x0000000000000007, RDI=0x00000284f429efc8
R8 =0x000000000000000b, R9 =0x000000000000000c, R10=0x00000284f6a86c10, R11=0x00000284f429efc8
R12=0x00000284f5a90cc0, R13=0x000000b10ecfd860, R14=0x000000b10ecfd930, R15=0x000000b10ecfd580
RIP=0x000000007658b4eb, EFLAGS=0x0000000000010202

Top of Stack: (sp=0x000000b10ecfd580)
0x000000b10ecfd580:   00000284f4c5f000 0000000000000001
0x000000b10ecfd590:   00000284f429efc8 0000000000000000
0x000000b10ecfd5a0:   0000000000000000 0000000000000000
0x000000b10ecfd5b0:   0000000000000000 0000000000000000
0x000000b10ecfd5c0:   0000000c00000001 00000284f429efc8
0x000000b10ecfd5d0:   00000284f4c5f000 0000028480046e20
0x000000b10ecfd5e0:   0000000000000000 0000000000000000
0x000000b10ecfd5f0:   0000000000000000 0000000000000000
0x000000b10ecfd600:   0000000000000000 0000000000000000
0x000000b10ecfd610:   0000000000000000 0000000000000000
0x000000b10ecfd620:   0000000000000000 0000000000000000
0x000000b10ecfd630:   0000000000000000 0000000000000000
0x000000b10ecfd640:   0000000000000000 0000000000000000
0x000000b10ecfd650:   0000000000000000 0000000000000000
0x000000b10ecfd660:   00000284f5a90cc0 0000000000000000
0x000000b10ecfd670:   0000000000000000 0000000000000000 

Instructions: (pc=0x000000007658b4eb)
0x000000007658b4cb:   f8 7c 33 48 8b de e8 5a 96 08 00 48 63 d0 ff c6
0x000000007658b4db:   48 0f af d3 49 8b cf 48 63 c6 48 2b ca 48 ff c3
0x000000007658b4eb:   c7 01 00 00 00 00 48 3b 05 d8 ce 55 00 7e d7 48
0x000000007658b4fb:   8b 9d e8 00 00 00 48 8d 54 24 48 48 8d 4d 50 e8 


Register to memory mapping:

RAX=0x0000000000000007 is an unknown value
RBX=0x0000000000000007 is an unknown value
RCX=0x000000b10ecf7580 is pointing into the stack for thread: 0x00000284f4c5f000
RDX=0x0000000000006000 is an unknown value
RSP=0x000000b10ecfd580 is pointing into the stack for thread: 0x00000284f4c5f000
RBP=0x000000b10ecfd680 is pointing into the stack for thread: 0x00000284f4c5f000
RSI=0x0000000000000007 is an unknown value
RDI={method} {0x00000284f429efd0} 'run' '()Ljava/lang/Object;' in 'java/awt/EventQueue$3'
R8 =0x000000000000000b is an unknown value
R9 =0x000000000000000c is an unknown value
R10=0x00000284f6a86c10 is an unknown value
R11={method} {0x00000284f429efd0} 'run' '()Ljava/lang/Object;' in 'java/awt/EventQueue$3'
R12=0x00000284f5a90cc0 is an unknown value
R13=0x000000b10ecfd860 is pointing into the stack for thread: 0x00000284f4c5f000
R14=0x000000b10ecfd930 is pointing into the stack for thread: 0x00000284f4c5f000
R15=0x000000b10ecfd580 is pointing into the stack for thread: 0x00000284f4c5f000


Stack: [0x000000b10ec00000,0x000000b10ed00000],  sp=0x000000b10ecfd580,  free space=1013k
Native frames: (J=compiled Java code, j=interpreted, Vv=VM code, C=native code)
V  [jvm.dll+0x21b4eb]

Java frames: (J=compiled Java code, j=interpreted, Vv=VM code)
J 312  java.security.AccessController.doPrivileged(Ljava/security/PrivilegedAction;Ljava/security/AccessControlContext;)Ljava/lang/Object; (0 bytes) @ 0x00000284801b63a6 [0x00000284801b6340+0x66]
J 692 C2 java.awt.EventQueue$4.run()Ljava/lang/Object; (5 bytes) @ 0x00000284802ec71c [0x00000284802ec3c0+0x35c]
v  ~StubRoutines::call_stub
J 312  java.security.AccessController.doPrivileged(Ljava/security/PrivilegedAction;Ljava/security/AccessControlContext;)Ljava/lang/Object; (0 bytes) @ 0x00000284801b63a6 [0x00000284801b6340+0x66]
J 680 C2 java.awt.EventQueue.dispatchEvent(Ljava/awt/AWTEvent;)V (80 bytes) @ 0x00000284802bc108 [0x00000284802bbb40+0x5c8]
J 698 C2 java.awt.EventDispatchThread.pumpOneEventForFilters(I)V (190 bytes) @ 0x000002848031ff6c [0x000002848031fa20+0x54c]
J 606 C1 java.awt.EventDispatchThread.pumpEventsForFilter(ILjava/awt/Conditional;Ljava/awt/EventFilter;)V (47 bytes) @ 0x0000028480114d9c [0x0000028480114b00+0x29c]
J 575 C1 java.awt.EventDispatchThread.run()V (35 bytes) @ 0x00000284802594a4 [0x0000028480259140+0x364]
v  ~StubRoutines::call_stub

---------------  P R O C E S S  ---------------

Java Threads: ( => current thread )
=>0x00000284f4c5f000 JavaThread "AWT-EventQueue-0" [_thread_in_vm, id=18940, stack(0x000000b10ec00000,0x000000b10ed00000)]
  0x00000284f4c5e000 JavaThread "AWT-Shutdown" [_thread_blocked, id=20452, stack(0x000000b10eb00000,0x000000b10ec00000)]
  0x00000284f5af2000 JavaThread "AWT-Windows" daemon [_thread_in_native, id=13504, stack(0x000000b10ff00000,0x000000b110000000)]
  0x00000284f5a9b000 JavaThread "Java2D Disposer" daemon [_thread_blocked, id=6476, stack(0x000000b10fd00000,0x000000b10fe00000)]
  0x00000284f4c81800 JavaThread "Service Thread" daemon [_thread_blocked, id=14736, stack(0x000000b10fb00000,0x000000b10fc00000)]
  0x00000284f4c5a800 JavaThread "C1 CompilerThread2" daemon [_thread_blocked, id=6196, stack(0x000000b10fa00000,0x000000b10fb00000)]
  0x00000284f4c38000 JavaThread "C2 CompilerThread1" daemon [_thread_blocked, id=13340, stack(0x000000b10f900000,0x000000b10fa00000)]
  0x00000284f4bfa000 JavaThread "C2 CompilerThread0" daemon [_thread_blocked, id=11352, stack(0x000000b10f800000,0x000000b10f900000)]
  0x00000284f4bf8800 JavaThread "Attach Listener" daemon [_thread_blocked, id=9036, stack(0x000000b10f700000,0x000000b10f800000)]
  0x00000284f4bf8000 JavaThread "Signal Dispatcher" daemon [_thread_blocked, id=12144, stack(0x000000b10f600000,0x000000b10f700000)]
  0x00000284f44a5800 JavaThread "Finalizer" daemon [_thread_blocked, id=5684, stack(0x000000b10f500000,0x000000b10f600000)]
  0x00000284f4bd5000 JavaThread "Reference Handler" daemon [_thread_blocked, id=13308, stack(0x000000b10f400000,0x000000b10f500000)]
  0x00000284efae4000 JavaThread "main" [_thread_blocked, id=11540, stack(0x000000b10ee00000,0x000000b10ef00000)]

Other Threads:
  0x00000284f4bb3000 VMThread [stack: 0x000000b10f300000,0x000000b10f400000] [id=11920]
  0x00000284f4c85000 WatcherThread [stack: 0x000000b10fc00000,0x000000b10fd00000] [id=4404]

VM state:not at safepoint (normal execution)

VM Mutex/Monitor currently owned by a thread: None

heap address: 0x00000000c2000000, size: 992 MB, Compressed Oops mode: 32-bit
Narrow klass base: 0x0000000000000000, Narrow klass shift: 3
Compressed class space size: 1073741824 Address: 0x0000000100000000

Heap:
 PSYoungGen      total 16384K, used 4763K [0x00000000eb580000, 0x00000000ec680000, 0x0000000100000000)
  eden space 15872K, 29% used [0x00000000eb580000,0x00000000eba16f08,0x00000000ec500000)
  from space 512K, 12% used [0x00000000ec580000,0x00000000ec590000,0x00000000ec600000)
  to   space 512K, 0% used [0x00000000ec600000,0x00000000ec600000,0x00000000ec680000)
 ParOldGen       total 42496K, used 18314K [0x00000000c2000000, 0x00000000c4980000, 0x00000000eb580000)
  object space 42496K, 43% used [0x00000000c2000000,0x00000000c31e2b68,0x00000000c4980000)
 Metaspace       used 8229K, capacity 8412K, committed 8576K, reserved 1056768K
  class space    used 936K, capacity 1032K, committed 1152K, reserved 1048576K

Card table byte_map: [0x00000284f1750000,0x00000284f1950000] byte_map_base: 0x00000284f1140000

Marking Bits: (ParMarkBitMap*) 0x0000000076b64fb0
 Begin Bits: [0x00000284f1aa0000, 0x00000284f2a20000)
 End Bits:   [0x00000284f2a20000, 0x00000284f39a0000)

Polling page: 0x00000284efd40000

CodeCache: size=245760Kb used=3203Kb max_used=3218Kb free=242556Kb
 bounds [0x0000028480000000, 0x0000028480330000, 0x000002848f000000]
 total_blobs=1072 nmethods=686 adapters=299
 compilation: enabled

Compilation events (10 events):
Event: 12810.389 Thread 0x00000284f4c38000  700       4       java.awt.EventQueue$3::run (5 bytes)
Event: 12810.390 Thread 0x00000284f4bfa000  701       4       java.awt.EventQueue$3::run (60 bytes)
Event: 12810.416 Thread 0x00000284f4bfa000 nmethod 701 0x0000028480326290 code [0x00000284803264a0, 0x0000028480326e70]
Event: 12810.416 Thread 0x00000284f4c38000 nmethod 700 0x00000284802e6850 code [0x00000284802e6a60, 0x00000284802e7430]
Event: 12977.586 Thread 0x00000284f4bfa000  702       4       java.util.HashMap::resize (359 bytes)
Event: 12977.621 Thread 0x00000284f4bfa000 nmethod 702 0x00000284802bf450 code [0x00000284802bf5e0, 0x00000284802bfb58]
Event: 13261.598 Thread 0x00000284f4c38000  703       4       sun.awt.EventQueueDelegate::getDelegate (13 bytes)
Event: 13261.636 Thread 0x00000284f4c38000 nmethod 703 0x00000284802b8650 code [0x00000284802b87a0, 0x00000284802b88e8]
Event: 13394.413 Thread 0x00000284f4bfa000  704       4       java.util.IdentityHashMap$ValueIterator::<init> (6 bytes)
Event: 13394.417 Thread 0x00000284f4bfa000 nmethod 704 0x00000284801cb5d0 code [0x00000284801cb700, 0x00000284801cb7d8]

GC Heap History (10 events):
Event: 13232.928 GC heap before
{Heap before GC invocations=105 (full 0):
 PSYoungGen      total 16384K, used 15936K [0x00000000eb580000, 0x00000000ec680000, 0x0000000100000000)
  eden space 15872K, 100% used [0x00000000eb580000,0x00000000ec500000,0x00000000ec500000)
  from space 512K, 12% used [0x00000000ec600000,0x00000000ec610000,0x00000000ec680000)
  to   space 512K, 0% used [0x00000000ec580000,0x00000000ec580000,0x00000000ec600000)
 ParOldGen       total 42496K, used 18282K [0x00000000c2000000, 0x00000000c4980000, 0x00000000eb580000)
  object space 42496K, 43% used [0x00000000c2000000,0x00000000c31dab68,0x00000000c4980000)
 Metaspace       used 8227K, capacity 8412K, committed 8576K, reserved 1056768K
  class space    used 935K, capacity 1032K, committed 1152K, reserved 1048576K
Event: 13232.930 GC heap after
Heap after GC invocations=105 (full 0):
 PSYoungGen      total 16384K, used 32K [0x00000000eb580000, 0x00000000ec680000, 0x0000000100000000)
  eden space 15872K, 0% used [0x00000000eb580000,0x00000000eb580000,0x00000000ec500000)
  from space 512K, 6% used [0x00000000ec580000,0x00000000ec588000,0x00000000ec600000)
  to   space 512K, 0% used [0x00000000ec600000,0x00000000ec600000,0x00000000ec680000)
 ParOldGen       total 42496K, used 18282K [0x00000000c2000000, 0x00000000c4980000, 0x00000000eb580000)
  object space 42496K, 43% used [0x00000000c2000000,0x00000000c31dab68,0x00000000c4980000)
 Metaspace       used 8227K, capacity 8412K, committed 8576K, reserved 1056768K
  class space    used 935K, capacity 1032K, committed 1152K, reserved 1048576K
}
Event: 13303.358 GC heap before
{Heap before GC invocations=106 (full 0):
 PSYoungGen      total 16384K, used 15904K [0x00000000eb580000, 0x00000000ec680000, 0x0000000100000000)
  eden space 15872K, 100% used [0x00000000eb580000,0x00000000ec500000,0x00000000ec500000)
  from space 512K, 6% used [0x00000000ec580000,0x00000000ec588000,0x00000000ec600000)
  to   space 512K, 0% used [0x00000000ec600000,0x00000000ec600000,0x00000000ec680000)
 ParOldGen       total 42496K, used 18282K [0x00000000c2000000, 0x00000000c4980000, 0x00000000eb580000)
  object space 42496K, 43% used [0x00000000c2000000,0x00000000c31dab68,0x00000000c4980000)
 Metaspace       used 8229K, capacity 8412K, committed 8576K, reserved 1056768K
  class space    used 936K, capacity 1032K, committed 1152K, reserved 1048576K
Event: 13303.359 GC heap after
Heap after GC invocations=106 (full 0):
 PSYoungGen      total 16384K, used 96K [0x00000000eb580000, 0x00000000ec680000, 0x0000000100000000)
  eden space 15872K, 0% used [0x00000000eb580000,0x00000000eb580000,0x00000000ec500000)
  from space 512K, 18% used [0x00000000ec600000,0x00000000ec618000,0x00000000ec680000)
  to   space 512K, 0% used [0x00000000ec580000,0x00000000ec580000,0x00000000ec600000)
 ParOldGen       total 42496K, used 18282K [0x00000000c2000000, 0x00000000c4980000, 0x00000000eb580000)
  object space 42496K, 43% used [0x00000000c2000000,0x00000000c31dab68,0x00000000c4980000)
 Metaspace       used 8229K, capacity 8412K, committed 8576K, reserved 1056768K
  class space    used 936K, capacity 1032K, committed 1152K, reserved 1048576K
}
Event: 13368.845 GC heap before
{Heap before GC invocations=107 (full 0):
 PSYoungGen      total 16384K, used 15968K [0x00000000eb580000, 0x00000000ec680000, 0x0000000100000000)
  eden space 15872K, 100% used [0x00000000eb580000,0x00000000ec500000,0x00000000ec500000)
  from space 512K, 18% used [0x00000000ec600000,0x00000000ec618000,0x00000000ec680000)
  to   space 512K, 0% used [0x00000000ec580000,0x00000000ec580000,0x00000000ec600000)
 ParOldGen       total 42496K, used 18282K [0x00000000c2000000, 0x00000000c4980000, 0x00000000eb580000)
  object space 42496K, 43% used [0x00000000c2000000,0x00000000c31dab68,0x00000000c4980000)
 Metaspace       used 8229K, capacity 8412K, committed 8576K, reserved 1056768K
  class space    used 936K, capacity 1032K, committed 1152K, reserved 1048576K
Event: 13368.846 GC heap after
Heap after GC invocations=107 (full 0):
 PSYoungGen      total 16384K, used 128K [0x00000000eb580000, 0x00000000ec680000, 0x0000000100000000)
  eden space 15872K, 0% used [0x00000000eb580000,0x00000000eb580000,0x00000000ec500000)
  from space 512K, 25% used [0x00000000ec580000,0x00000000ec5a0000,0x00000000ec600000)
  to   space 512K, 0% used [0x00000000ec600000,0x00000000ec600000,0x00000000ec680000)
 ParOldGen       total 42496K, used 18298K [0x00000000c2000000, 0x00000000c4980000, 0x00000000eb580000)
  object space 42496K, 43% used [0x00000000c2000000,0x00000000c31deb68,0x00000000c4980000)
 Metaspace       used 8229K, capacity 8412K, committed 8576K, reserved 1056768K
  class space    used 936K, capacity 1032K, committed 1152K, reserved 1048576K
}
Event: 13435.271 GC heap before
{Heap before GC invocations=108 (full 0):
 PSYoungGen      total 16384K, used 16000K [0x00000000eb580000, 0x00000000ec680000, 0x0000000100000000)
  eden space 15872K, 100% used [0x00000000eb580000,0x00000000ec500000,0x00000000ec500000)
  from space 512K, 25% used [0x00000000ec580000,0x00000000ec5a0000,0x00000000ec600000)
  to   space 512K, 0% used [0x00000000ec600000,0x00000000ec600000,0x00000000ec680000)
 ParOldGen       total 42496K, used 18298K [0x00000000c2000000, 0x00000000c4980000, 0x00000000eb580000)
  object space 42496K, 43% used [0x00000000c2000000,0x00000000c31deb68,0x00000000c4980000)
 Metaspace       used 8229K, capacity 8412K, committed 8576K, reserved 1056768K
  class space    used 936K, capacity 1032K, committed 1152K, reserved 1048576K
Event: 13435.273 GC heap after
Heap after GC invocations=108 (full 0):
 PSYoungGen      total 16384K, used 64K [0x00000000eb580000, 0x00000000ec680000, 0x0000000100000000)
  eden space 15872K, 0% used [0x00000000eb580000,0x00000000eb580000,0x00000000ec500000)
  from space 512K, 12% used [0x00000000ec600000,0x00000000ec610000,0x00000000ec680000)
  to   space 512K, 0% used [0x00000000ec580000,0x00000000ec580000,0x00000000ec600000)
 ParOldGen       total 42496K, used 18298K [0x00000000c2000000, 0x00000000c4980000, 0x00000000eb580000)
  object space 42496K, 43% used [0x00000000c2000000,0x00000000c31deb68,0x00000000c4980000)
 Metaspace       used 8229K, capacity 8412K, committed 8576K, reserved 1056768K
  class space    used 936K, capacity 1032K, committed 1152K, reserved 1048576K
}
Event: 13499.658 GC heap before
{Heap before GC invocations=109 (full 0):
 PSYoungGen      total 16384K, used 15936K [0x00000000eb580000, 0x00000000ec680000, 0x0000000100000000)
  eden space 15872K, 100% used [0x00000000eb580000,0x00000000ec500000,0x00000000ec500000)
  from space 512K, 12% used [0x00000000ec600000,0x00000000ec610000,0x00000000ec680000)
  to   space 512K, 0% used [0x00000000ec580000,0x00000000ec580000,0x00000000ec600000)
 ParOldGen       total 42496K, used 18298K [0x00000000c2000000, 0x00000000c4980000, 0x00000000eb580000)
  object space 42496K, 43% used [0x00000000c2000000,0x00000000c31deb68,0x00000000c4980000)
 Metaspace       used 8229K, capacity 8412K, committed 8576K, reserved 1056768K
  class space    used 936K, capacity 1032K, committed 1152K, reserved 1048576K
Event: 13499.661 GC heap after
Heap after GC invocations=109 (full 0):
 PSYoungGen      total 16384K, used 64K [0x00000000eb580000, 0x00000000ec680000, 0x0000000100000000)
  eden space 15872K, 0% used [0x00000000eb580000,0x00000000eb580000,0x00000000ec500000)
  from space 512K, 12% used [0x00000000ec580000,0x00000000ec590000,0x00000000ec600000)
  to   space 512K, 0% used [0x00000000ec600000,0x00000000ec600000,0x00000000ec680000)
 ParOldGen       total 42496K, used 18314K [0x00000000c2000000, 0x00000000c4980000, 0x00000000eb580000)
  object space 42496K, 43% used [0x00000000c2000000,0x00000000c31e2b68,0x00000000c4980000)
 Metaspace       used 8229K, capacity 8412K, committed 8576K, reserved 1056768K
  class space    used 936K, capacity 1032K, committed 1152K, reserved 1048576K
}

Deoptimization events (5 events):
Event: 0.382 Thread 0x00000284efae4000 Uncommon trap: reason=null_check action=make_not_entrant pc=0x0000028480172854 method=java.lang.String.equals(Ljava/lang/Object;)Z @ 8
Event: 2655.260 Thread 0x00000284f4c5f800 Uncommon trap: reason=unstable_if action=reinterpret pc=0x000002848028d9d4 method=sun.awt.AWTAutoShutdown.isReadyToShutdown()Z @ 4
Event: 8926.226 Thread 0x00000284f4c59800 Uncommon trap: reason=unstable_if action=reinterpret pc=0x0000028480295e10 method=sun.awt.AWTAutoShutdown.isReadyToShutdown()Z @ 4
Event: 9666.857 Thread 0x00000284f4c5e000 Uncommon trap: reason=unstable_if action=reinterpret pc=0x00000284802ca530 method=java.awt.EventQueue.getNextEventPrivate()Ljava/awt/AWTEvent; @ 45
Event: 9666.857 Thread 0x00000284f4c5e000 Uncommon trap: reason=unstable_if action=reinterpret pc=0x00000284802834dc method=java.awt.EventQueue.dispatchEventImpl(Ljava/awt/AWTEvent;Ljava/lang/Object;)V @ 98

Classes redefined (0 events):
No events

Internal exceptions (10 events):
Event: 0.072 Thread 0x00000284efae4000 Exception <a 'java/lang/NoSuchMethodError': Method sun.misc.Unsafe.prefetchRead(Ljava/lang/Object;J)V name or signature does not match> (0x00000000eb587fa8) thrown at [C:\jenkins\workspace\8-2-build-windows-amd64-cygwin\jdk8u261\295\hotspot\src\share\vm\p
Event: 0.229 Thread 0x00000284efae4000 Exception <a 'java/security/PrivilegedActionException'> (0x00000000eb618a88) thrown at [C:\jenkins\workspace\8-2-build-windows-amd64-cygwin\jdk8u261\295\hotspot\src\share\vm\prims\jvm.cpp, line 1512]
Event: 0.229 Thread 0x00000284efae4000 Exception <a 'java/security/PrivilegedActionException'> (0x00000000eb618c98) thrown at [C:\jenkins\workspace\8-2-build-windows-amd64-cygwin\jdk8u261\295\hotspot\src\share\vm\prims\jvm.cpp, line 1512]
Event: 0.232 Thread 0x00000284efae4000 Exception <a 'java/security/PrivilegedActionException'> (0x00000000eb61cba8) thrown at [C:\jenkins\workspace\8-2-build-windows-amd64-cygwin\jdk8u261\295\hotspot\src\share\vm\prims\jvm.cpp, line 1512]
Event: 0.232 Thread 0x00000284efae4000 Exception <a 'java/security/PrivilegedActionException'> (0x00000000eb61cdb8) thrown at [C:\jenkins\workspace\8-2-build-windows-amd64-cygwin\jdk8u261\295\hotspot\src\share\vm\prims\jvm.cpp, line 1512]
Event: 0.242 Thread 0x00000284efae4000 Exception <a 'java/io/FileNotFoundException'> (0x00000000eb672188) thrown at [C:\jenkins\workspace\8-2-build-windows-amd64-cygwin\jdk8u261\295\hotspot\src\share\vm\prims\jni.cpp, line 710]
Event: 0.288 Thread 0x00000284efae4000 Exception <a 'java/lang/NoSuchFieldError': method resolution failed> (0x00000000eb7435d8) thrown at [C:\jenkins\workspace\8-2-build-windows-amd64-cygwin\jdk8u261\295\hotspot\src\share\vm\prims\methodHandles.cpp, line 1169]
Event: 0.291 Thread 0x00000284efae4000 Exception <a 'java/lang/NoSuchFieldError': method resolution failed> (0x00000000eb7509a8) thrown at [C:\jenkins\workspace\8-2-build-windows-amd64-cygwin\jdk8u261\295\hotspot\src\share\vm\prims\methodHandles.cpp, line 1169]
Event: 0.343 Thread 0x00000284efae4000 Exception <a 'java/io/FileNotFoundException'> (0x00000000eb7e9de8) thrown at [C:\jenkins\workspace\8-2-build-windows-amd64-cygwin\jdk8u261\295\hotspot\src\share\vm\prims\jni.cpp, line 710]
Event: 0.382 Thread 0x00000284efae4000 Implicit null exception at 0x000002848017269b to 0x0000028480172845

Events (10 events):
Event: 13517.030 Thread 0x00000284f4c5c000 Thread added: 0x00000284f4c5c000
Event: 13517.031 Thread 0x00000284f4c5e000 Thread exited: 0x00000284f4c5e000
Event: 13517.031 Thread 0x00000284f4c5c800 Thread exited: 0x00000284f4c5c800
Event: 13518.047 Thread 0x00000284f4c5c000 Thread exited: 0x00000284f4c5c000
Event: 13518.047 Thread 0x00000284f4c5c800 Thread added: 0x00000284f4c5c800
Event: 13518.049 Thread 0x00000284f4c5b000 Thread added: 0x00000284f4c5b000
Event: 13519.069 Thread 0x00000284f4c5c800 Thread exited: 0x00000284f4c5c800
Event: 13519.069 Thread 0x00000284f4c5b000 Thread exited: 0x00000284f4c5b000
Event: 13519.070 Thread 0x00000284f4c5e000 Thread added: 0x00000284f4c5e000
Event: 13519.072 Thread 0x00000284f4c5f000 Thread added: 0x00000284f4c5f000


Dynamic libraries:
0x00007ff721530000 - 0x00007ff721577000 	C:\Program Files\Java\jdk1.8.0_261\bin\java.exe
0x00007ffae0020000 - 0x00007ffae0210000 	C:\WINDOWS\SYSTEM32\ntdll.dll
0x00007ffade390000 - 0x00007ffade442000 	C:\WINDOWS\System32\KERNEL32.DLL
0x00007ffadd270000 - 0x00007ffadd514000 	C:\WINDOWS\System32\KERNELBASE.dll
0x00007ffadfec0000 - 0x00007ffadff63000 	C:\WINDOWS\System32\ADVAPI32.dll
0x00007ffadf420000 - 0x00007ffadf4be000 	C:\WINDOWS\System32\msvcrt.dll
0x00007ffade220000 - 0x00007ffade2b7000 	C:\WINDOWS\System32\sechost.dll
0x00007ffadfcf0000 - 0x00007ffadfe10000 	C:\WINDOWS\System32\RPCRT4.dll
0x00007ffadf080000 - 0x00007ffadf215000 	C:\WINDOWS\System32\USER32.dll
0x00007ffadd720000 - 0x00007ffadd741000 	C:\WINDOWS\System32\win32u.dll
0x00007ffadfe10000 - 0x00007ffadfe36000 	C:\WINDOWS\System32\GDI32.dll
0x00007ffaddf10000 - 0x00007ffade0a6000 	C:\WINDOWS\System32\gdi32full.dll
0x00007ffadd680000 - 0x00007ffadd71e000 	C:\WINDOWS\System32\msvcp_win.dll
0x00007ffadd580000 - 0x00007ffadd67a000 	C:\WINDOWS\System32\ucrtbase.dll
0x00007ffad4a90000 - 0x00007ffad4d14000 	C:\WINDOWS\WinSxS\amd64_microsoft.windows.common-controls_6595b64144ccf1df_6.0.18362.1016_none_9e7a36bbe461dae4\COMCTL32.dll
0x00007ffadf9a0000 - 0x00007ffadfcd5000 	C:\WINDOWS\System32\combase.dll
0x00007ffadcfa0000 - 0x00007ffadd020000 	C:\WINDOWS\System32\bcryptPrimitives.dll
0x00007ffade580000 - 0x00007ffade5ae000 	C:\WINDOWS\System32\IMM32.DLL
0x00007ffad3cb0000 - 0x00007ffad3cc5000 	C:\Program Files\Java\jdk1.8.0_261\jre\bin\vcruntime140.dll
0x00007ffad32d0000 - 0x00007ffad336b000 	C:\Program Files\Java\jdk1.8.0_261\jre\bin\msvcp140.dll
0x0000000076370000 - 0x0000000076bdc000 	C:\Program Files\Java\jdk1.8.0_261\jre\bin\server\jvm.dll
0x00007ffadfce0000 - 0x00007ffadfce8000 	C:\WINDOWS\System32\PSAPI.DLL
0x00007ffad4a10000 - 0x00007ffad4a34000 	C:\WINDOWS\SYSTEM32\WINMM.dll
0x00007ffad5010000 - 0x00007ffad501a000 	C:\WINDOWS\SYSTEM32\VERSION.dll
0x00007ffad1570000 - 0x00007ffad1579000 	C:\WINDOWS\SYSTEM32\WSOCK32.dll
0x00007ffad49e0000 - 0x00007ffad4a0d000 	C:\WINDOWS\SYSTEM32\winmmbase.dll
0x00007ffadf4c0000 - 0x00007ffadf52f000 	C:\WINDOWS\System32\WS2_32.dll
0x00007ffadd0d0000 - 0x00007ffadd11a000 	C:\WINDOWS\System32\cfgmgr32.dll
0x00007ffadcee0000 - 0x00007ffadcef1000 	C:\WINDOWS\System32\kernel.appcore.dll
0x00007ffad35a0000 - 0x00007ffad35b0000 	C:\Program Files\Java\jdk1.8.0_261\jre\bin\verify.dll
0x00007ffad3570000 - 0x00007ffad359b000 	C:\Program Files\Java\jdk1.8.0_261\jre\bin\java.dll
0x00007ffad3550000 - 0x00007ffad3568000 	C:\Program Files\Java\jdk1.8.0_261\jre\bin\zip.dll
0x00007ffade670000 - 0x00007ffaded57000 	C:\WINDOWS\System32\SHELL32.dll
0x00007ffadf360000 - 0x00007ffadf409000 	C:\WINDOWS\System32\shcore.dll
0x00007ffadd750000 - 0x00007ffadded2000 	C:\WINDOWS\System32\windows.storage.dll
0x00007ffadcf50000 - 0x00007ffadcf73000 	C:\WINDOWS\System32\profapi.dll
0x00007ffadcf00000 - 0x00007ffadcf4a000 	C:\WINDOWS\System32\powrprof.dll
0x00007ffadced0000 - 0x00007ffadcee0000 	C:\WINDOWS\System32\UMPDC.dll
0x00007ffade610000 - 0x00007ffade662000 	C:\WINDOWS\System32\shlwapi.dll
0x00007ffade0b0000 - 0x00007ffade0c7000 	C:\WINDOWS\System32\cryptsp.dll
0x00007ffad3370000 - 0x00007ffad3504000 	C:\Program Files\Java\jdk1.8.0_261\jre\bin\awt.dll
0x00007ffade150000 - 0x00007ffade215000 	C:\WINDOWS\System32\OLEAUT32.dll
0x00007ffada910000 - 0x00007ffada99f000 	C:\WINDOWS\SYSTEM32\apphelp.dll
0x00007ffadb480000 - 0x00007ffadb4ad000 	C:\WINDOWS\system32\DWMAPI.DLL
0x00007ffadaf30000 - 0x00007ffadafc9000 	C:\WINDOWS\system32\uxtheme.dll
0x00007ffacff40000 - 0x00007ffad0096000 	C:\WINDOWS\system32\opengl32.dll
0x00007ffacfeb0000 - 0x00007ffacfedc000 	C:\WINDOWS\SYSTEM32\GLU32.dll
0x00007ffadbb30000 - 0x00007ffadbb50000 	C:\WINDOWS\SYSTEM32\dxcore.dll
0x00007ffadf220000 - 0x00007ffadf355000 	C:\WINDOWS\System32\MSCTF.dll
0x00007ffadef20000 - 0x00007ffadf077000 	C:\WINDOWS\System32\ole32.dll
0x00007ffad42b0000 - 0x00007ffad42e2000 	C:\Program Files\Java\jdk1.8.0_261\jre\bin\jpeg.dll

VM Arguments:
jvm_args: -Dfile.encoding=UTF-8 
java_command: library.management.system.LibraryManagementSystem
java_class_path (initial): C:\Users\PRATHAMESH\Documents\NetBeansProjects\Library-Management-System-master\Library-Management-System\src\library\management\system\Jar\rs2xml.jar;E:\NetBeans 8.2\ide\modules\ext\mysql-connector-java-5.1.23-bin.jar;C:\Users\PRATHAMESH\Documents\NetBeansProjects\Library-Management-System-master\Library-Management-System\src\library\management\system\Jar\jcalendar-tz-1.3.3-4.jar;C:\Users\PRATHAMESH\Documents\NetBeansProjects\Library-Management-System-master\Library-Management-System\build\classes
Launcher Type: SUN_STANDARD

Environment Variables:
PATH=C:\Program Files (x86)\Common Files\Oracle\Java\javapath;C:\Program Files\Java\jdk-14\bin;C:\Program Files\Common Files\Oracle\Java\javapath;C:\Program Files\Java\jdk-14\bin;C:\WINDOWS\system32;C:\WINDOWS;C:\WINDOWS\System32\Wbem;C:\WINDOWS\System32\WindowsPowerShell\v1.0\;C:\WINDOWS\System32\OpenSSH\;C:\Program Files\Java\jdk-12.0.2\bin;C:\Program Files (x86)\Intel\Intel(R) Management Engine Components\DAL;C:\Program Files\Intel\Intel(R) Management Engine Components\DAL;C:\Program Files\Java\jdk1.8.0_261\bin
USERNAME=PRATHAMESH
OS=Windows_NT
PROCESSOR_IDENTIFIER=Intel64 Family 6 Model 142 Stepping 9, GenuineIntel



---------------  S Y S T E M  ---------------

OS: Windows 10.0 , 64 bit Build 18362 (10.0.18362.959)

CPU:total 4 (initial active 4) (2 cores per cpu, 2 threads per core) family 6 model 142 stepping 9, cmov, cx8, fxsr, mmx, sse, sse2, sse3, ssse3, sse4.1, sse4.2, popcnt, avx, avx2, aes, clmul, erms, 3dnowpref, lzcnt, ht, tsc, tscinvbit, bmi1, bmi2, adx

Memory: 4k page, physical 4056944k(297144k free), swap 16639856k(548k free)

vm_info: Java HotSpot(TM) 64-Bit Server VM (25.261-b12) for windows-amd64 JRE (1.8.0_261-b12), built on Jun 18 2020 06:56:32 by "" with unknown MS VC++:1916

time: Tue Nov  3 17:17:14 2020
timezone: India Standard Time
elapsed time: 13519 seconds (0d 3h 45m 19s)

