#
# There is insufficient memory for the Java Runtime Environment to continue.
# Native memory allocation (malloc) failed to allocate 113696 bytes for Chunk::new
# Possible reasons:
#   The system is out of physical RAM or swap space
#   The process is running with CompressedOops enabled, and the Java Heap may be blocking the growth of the native heap
# Possible solutions:
#   Reduce memory load on the system
#   Increase physical memory or swap space
#   Check if swap backing store is full
#   Decrease Java heap size (-Xmx/-Xms)
#   Decrease number of Java threads
#   Decrease Java thread stack sizes (-Xss)
#   Set larger code cache with -XX:ReservedCodeCacheSize=
#   JVM is running with Unscaled Compressed Oops mode in which the Java heap is
#     placed in the first 4GB address space. The Java Heap base address is the
#     maximum limit for the native heap growth. Please use -XX:HeapBaseMinAddress
#     to set the Java Heap base and to place the Java Heap above 4GB virtual address.
# This output file may be truncated or incomplete.
#
#  Out of Memory Error (allocation.cpp:389), pid=12332, tid=0x0000000000002f08
#
# JRE version: Java(TM) SE Runtime Environment (8.0_261-b12) (build 1.8.0_261-b12)
# Java VM: Java HotSpot(TM) 64-Bit Server VM (25.261-b12 mixed mode windows-amd64 compressed oops)
# Failed to write core dump. Minidumps are not enabled by default on client versions of Windows
#

---------------  T H R E A D  ---------------

Current thread (0x000002ad4458b800):  JavaThread "C2 CompilerThread0" daemon [_thread_in_native, id=12040, stack(0x000000dca6900000,0x000000dca6a00000)]

Stack: [0x000000dca6900000,0x000000dca6a00000]
Native frames: (J=compiled Java code, j=interpreted, Vv=VM code, C=native code)
V  [jvm.dll+0x33e5f9]


Current CompileTask:
C2:12723909  700       4       java.awt.EventQueue$3::run (60 bytes)


---------------  P R O C E S S  ---------------

Java Threads: ( => current thread )
  0x000002ad46068800 JavaThread "AWT-EventQueue-0" [_thread_blocked, id=12948, stack(0x000000dca7200000,0x000000dca7300000)]
  0x000002ad454b2800 JavaThread "AWT-Windows" daemon [_thread_in_native, id=7712, stack(0x000000dca7000000,0x000000dca7100000)]
  0x000002ad454ad000 JavaThread "AWT-Shutdown" [_thread_blocked, id=13716, stack(0x000000dca6f00000,0x000000dca7000000)]
  0x000002ad454a9800 JavaThread "Java2D Disposer" daemon [_thread_blocked, id=5396, stack(0x000000dca6e00000,0x000000dca6f00000)]
  0x000002ad44616000 JavaThread "Service Thread" daemon [_thread_blocked, id=1844, stack(0x000000dca6c00000,0x000000dca6d00000)]
  0x000002ad4459f800 JavaThread "C1 CompilerThread2" daemon [_thread_blocked, id=5252, stack(0x000000dca6b00000,0x000000dca6c00000)]
  0x000002ad4459c800 JavaThread "C2 CompilerThread1" daemon [_thread_in_native, id=15092, stack(0x000000dca6a00000,0x000000dca6b00000)]
=>0x000002ad4458b800 JavaThread "C2 CompilerThread0" daemon [_thread_in_native, id=12040, stack(0x000000dca6900000,0x000000dca6a00000)]
  0x000002ad44587800 JavaThread "Attach Listener" daemon [_thread_blocked, id=13444, stack(0x000000dca6800000,0x000000dca6900000)]
  0x000002ad44586800 JavaThread "Signal Dispatcher" daemon [_thread_blocked, id=11216, stack(0x000000dca6700000,0x000000dca6800000)]
  0x000002ad43e35000 JavaThread "Finalizer" daemon [_thread_blocked, id=1092, stack(0x000000dca6600000,0x000000dca6700000)]
  0x000002ad44566000 JavaThread "Reference Handler" daemon [_thread_blocked, id=12180, stack(0x000000dca6500000,0x000000dca6600000)]
  0x000002ad30365000 JavaThread "main" [_thread_blocked, id=14016, stack(0x000000dca5f00000,0x000000dca6000000)]

Other Threads:
  0x000002ad44542000 VMThread [stack: 0x000000dca6400000,0x000000dca6500000] [id=7724]
  0x000002ad445b2000 WatcherThread [stack: 0x000000dca6d00000,0x000000dca6e00000] [id=13748]

VM state:not at safepoint (normal execution)

VM Mutex/Monitor currently owned by a thread: None

heap address: 0x00000000c2000000, size: 992 MB, Compressed Oops mode: 32-bit
Narrow klass base: 0x0000000000000000, Narrow klass shift: 3
Compressed class space size: 1073741824 Address: 0x0000000100000000

Heap:
 PSYoungGen      total 18432K, used 5010K [0x00000000eb580000, 0x00000000eca00000, 0x0000000100000000)
  eden space 15872K, 20% used [0x00000000eb580000,0x00000000eb8b4910,0x00000000ec500000)
  from space 2560K, 67% used [0x00000000ec500000,0x00000000ec6b0000,0x00000000ec780000)
  to   space 2560K, 0% used [0x00000000ec780000,0x00000000ec780000,0x00000000eca00000)
 ParOldGen       total 42496K, used 13293K [0x00000000c2000000, 0x00000000c4980000, 0x00000000eb580000)
  object space 42496K, 31% used [0x00000000c2000000,0x00000000c2cfb648,0x00000000c4980000)
 Metaspace       used 9889K, capacity 10056K, committed 10240K, reserved 1058816K
  class space    used 1167K, capacity 1258K, committed 1280K, reserved 1048576K

Card table byte_map: [0x000002ad410e0000,0x000002ad412e0000] byte_map_base: 0x000002ad40ad0000

Marking Bits: (ParMarkBitMap*) 0x0000000076b64fb0
 Begin Bits: [0x000002ad41430000, 0x000002ad423b0000)
 End Bits:   [0x000002ad423b0000, 0x000002ad43330000)

Polling page: 0x000002ad31cf0000

CodeCache: size=245760Kb used=2830Kb max_used=2841Kb free=242929Kb
 bounds [0x000002ad31d20000, 0x000002ad31ff0000, 0x000002ad40d20000]
 total_blobs=1156 nmethods=698 adapters=371
 compilation: enabled

Compilation events (10 events):
Event: 11743.083 Thread 0x000002ad4458b800  695       4       java.awt.EventQueue$4::run (5 bytes)
Event: 11743.329 Thread 0x000002ad4458b800 nmethod 695 0x000002ad31fc7750 code [0x000002ad31fc7900, 0x000002ad31fc8128]
Event: 11761.420 Thread 0x000002ad4459c800  696       4       java.util.concurrent.locks.AbstractQueuedSynchronizer::transferForSignal (45 bytes)
Event: 11761.427 Thread 0x000002ad4459c800 nmethod 696 0x000002ad31fc72d0 code [0x000002ad31fc7420, 0x000002ad31fc75b8]
Event: 11804.704 Thread 0x000002ad4458b800  697       4       java.awt.EventQueue::dispatchEventImpl (149 bytes)
Event: 11804.745 Thread 0x000002ad4458b800 nmethod 697 0x000002ad31fc5890 code [0x000002ad31fc5a40, 0x000002ad31fc5fd0]
Event: 11875.391 Thread 0x000002ad4459f800  698       1       java.util.concurrent.locks.AbstractOwnableSynchronizer::setExclusiveOwnerThread (6 bytes)
Event: 11875.435 Thread 0x000002ad4459f800 nmethod 698 0x000002ad31fa88d0 code [0x000002ad31fa8a20, 0x000002ad31fa8b58]
Event: 12723.557 Thread 0x000002ad4459c800  699       4       java.awt.EventQueue$3::run (5 bytes)
Event: 12723.557 Thread 0x000002ad4458b800  700       4       java.awt.EventQueue$3::run (60 bytes)

GC Heap History (2 events):
Event: 1599.627 GC heap before
{Heap before GC invocations=1 (full 0):
 PSYoungGen      total 18432K, used 15872K [0x00000000eb580000, 0x00000000eca00000, 0x0000000100000000)
  eden space 15872K, 100% used [0x00000000eb580000,0x00000000ec500000,0x00000000ec500000)
  from space 2560K, 0% used [0x00000000ec780000,0x00000000ec780000,0x00000000eca00000)
  to   space 2560K, 0% used [0x00000000ec500000,0x00000000ec500000,0x00000000ec780000)
 ParOldGen       total 42496K, used 0K [0x00000000c2000000, 0x00000000c4980000, 0x00000000eb580000)
  object space 42496K, 0% used [0x00000000c2000000,0x00000000c2000000,0x00000000c4980000)
 Metaspace       used 9888K, capacity 10056K, committed 10240K, reserved 1058816K
  class space    used 1167K, capacity 1258K, committed 1280K, reserved 1048576K
Event: 1601.117 GC heap after
Heap after GC invocations=1 (full 0):
 PSYoungGen      total 18432K, used 1728K [0x00000000eb580000, 0x00000000eca00000, 0x0000000100000000)
  eden space 15872K, 0% used [0x00000000eb580000,0x00000000eb580000,0x00000000ec500000)
  from space 2560K, 67% used [0x00000000ec500000,0x00000000ec6b0000,0x00000000ec780000)
  to   space 2560K, 0% used [0x00000000ec780000,0x00000000ec780000,0x00000000eca00000)
 ParOldGen       total 42496K, used 13293K [0x00000000c2000000, 0x00000000c4980000, 0x00000000eb580000)
  object space 42496K, 31% used [0x00000000c2000000,0x00000000c2cfb648,0x00000000c4980000)
 Metaspace       used 9888K, capacity 10056K, committed 10240K, reserved 1058816K
  class space    used 1167K, capacity 1258K, committed 1280K, reserved 1048576K
}

Deoptimization events (1 events):
Event: 0.379 Thread 0x000002ad30365000 Uncommon trap: reason=null_check action=make_not_entrant pc=0x000002ad31e92d94 method=java.lang.String.equals(Ljava/lang/Object;)Z @ 8

Classes redefined (0 events):
No events

Internal exceptions (10 events):
Event: 0.044 Thread 0x000002ad30365000 Exception <a 'java/lang/NoSuchMethodError': Method sun.misc.Unsafe.prefetchRead(Ljava/lang/Object;J)V name or signature does not match> (0x00000000eb587fa8) thrown at [C:\jenkins\workspace\8-2-build-windows-amd64-cygwin\jdk8u261\295\hotspot\src\share\vm\p
Event: 0.175 Thread 0x000002ad30365000 Exception <a 'java/security/PrivilegedActionException'> (0x00000000eb617cf8) thrown at [C:\jenkins\workspace\8-2-build-windows-amd64-cygwin\jdk8u261\295\hotspot\src\share\vm\prims\jvm.cpp, line 1512]
Event: 0.175 Thread 0x000002ad30365000 Exception <a 'java/security/PrivilegedActionException'> (0x00000000eb617f08) thrown at [C:\jenkins\workspace\8-2-build-windows-amd64-cygwin\jdk8u261\295\hotspot\src\share\vm\prims\jvm.cpp, line 1512]
Event: 0.177 Thread 0x000002ad30365000 Exception <a 'java/security/PrivilegedActionException'> (0x00000000eb61be18) thrown at [C:\jenkins\workspace\8-2-build-windows-amd64-cygwin\jdk8u261\295\hotspot\src\share\vm\prims\jvm.cpp, line 1512]
Event: 0.177 Thread 0x000002ad30365000 Exception <a 'java/security/PrivilegedActionException'> (0x00000000eb61c028) thrown at [C:\jenkins\workspace\8-2-build-windows-amd64-cygwin\jdk8u261\295\hotspot\src\share\vm\prims\jvm.cpp, line 1512]
Event: 0.190 Thread 0x000002ad30365000 Exception <a 'java/io/FileNotFoundException'> (0x00000000eb6714f8) thrown at [C:\jenkins\workspace\8-2-build-windows-amd64-cygwin\jdk8u261\295\hotspot\src\share\vm\prims\jni.cpp, line 710]
Event: 0.264 Thread 0x000002ad30365000 Exception <a 'java/lang/NoSuchFieldError': method resolution failed> (0x00000000eb742be0) thrown at [C:\jenkins\workspace\8-2-build-windows-amd64-cygwin\jdk8u261\295\hotspot\src\share\vm\prims\methodHandles.cpp, line 1169]
Event: 0.268 Thread 0x000002ad30365000 Exception <a 'java/lang/NoSuchFieldError': method resolution failed> (0x00000000eb74ffb0) thrown at [C:\jenkins\workspace\8-2-build-windows-amd64-cygwin\jdk8u261\295\hotspot\src\share\vm\prims\methodHandles.cpp, line 1169]
Event: 0.327 Thread 0x000002ad30365000 Exception <a 'java/io/FileNotFoundException'> (0x00000000eb7e9018) thrown at [C:\jenkins\workspace\8-2-build-windows-amd64-cygwin\jdk8u261\295\hotspot\src\share\vm\prims\jni.cpp, line 710]
Event: 0.379 Thread 0x000002ad30365000 Implicit null exception at 0x000002ad31e92bdb to 0x000002ad31e92d85

Events (10 events):
Event: 5.667 loading class java/awt/LightweightDispatcher$2
Event: 5.667 loading class java/awt/LightweightDispatcher$2 done
Event: 6.539 loading class java/awt/KeyboardFocusManager$2
Event: 6.539 loading class java/awt/KeyboardFocusManager$2 done
Event: 6.539 loading class sun/awt/SunToolkit$1
Event: 6.539 loading class sun/awt/SunToolkit$1 done
Event: 1599.573 Executing VM operation: ParallelGCFailedAllocation
Event: 1601.117 Executing VM operation: ParallelGCFailedAllocation done
Event: 9394.193 loading class java/security/DomainCombiner
Event: 9394.832 loading class java/security/DomainCombiner done


Dynamic libraries:
0x00007ff721530000 - 0x00007ff721577000 	C:\Program Files\Java\jdk1.8.0_261\bin\java.exe
0x00007ffae0020000 - 0x00007ffae0210000 	C:\WINDOWS\SYSTEM32\ntdll.dll
0x00007ffade390000 - 0x00007ffade442000 	C:\WINDOWS\System32\KERNEL32.DLL
0x00007ffadd270000 - 0x00007ffadd514000 	C:\WINDOWS\System32\KERNELBASE.dll
0x00007ffadfec0000 - 0x00007ffadff63000 	C:\WINDOWS\System32\ADVAPI32.dll
0x00007ffadf420000 - 0x00007ffadf4be000 	C:\WINDOWS\System32\msvcrt.dll
0x00007ffade220000 - 0x00007ffade2b7000 	C:\WINDOWS\System32\sechost.dll
0x00007ffadfcf0000 - 0x00007ffadfe10000 	C:\WINDOWS\System32\RPCRT4.dll
0x00007ffadf080000 - 0x00007ffadf215000 	C:\WINDOWS\System32\USER32.dll
0x00007ffadd720000 - 0x00007ffadd741000 	C:\WINDOWS\System32\win32u.dll
0x00007ffadfe10000 - 0x00007ffadfe36000 	C:\WINDOWS\System32\GDI32.dll
0x00007ffaddf10000 - 0x00007ffade0a6000 	C:\WINDOWS\System32\gdi32full.dll
0x00007ffadd680000 - 0x00007ffadd71e000 	C:\WINDOWS\System32\msvcp_win.dll
0x00007ffadd580000 - 0x00007ffadd67a000 	C:\WINDOWS\System32\ucrtbase.dll
0x00007ffad4a90000 - 0x00007ffad4d14000 	C:\WINDOWS\WinSxS\amd64_microsoft.windows.common-controls_6595b64144ccf1df_6.0.18362.1016_none_9e7a36bbe461dae4\COMCTL32.dll
0x00007ffadf9a0000 - 0x00007ffadfcd5000 	C:\WINDOWS\System32\combase.dll
0x00007ffadcfa0000 - 0x00007ffadd020000 	C:\WINDOWS\System32\bcryptPrimitives.dll
0x00007ffade580000 - 0x00007ffade5ae000 	C:\WINDOWS\System32\IMM32.DLL
0x00007ffad3cb0000 - 0x00007ffad3cc5000 	C:\Program Files\Java\jdk1.8.0_261\jre\bin\vcruntime140.dll
0x00007ffad32d0000 - 0x00007ffad336b000 	C:\Program Files\Java\jdk1.8.0_261\jre\bin\msvcp140.dll
0x0000000076370000 - 0x0000000076bdc000 	C:\Program Files\Java\jdk1.8.0_261\jre\bin\server\jvm.dll
0x00007ffadfce0000 - 0x00007ffadfce8000 	C:\WINDOWS\System32\PSAPI.DLL
0x00007ffad1570000 - 0x00007ffad1579000 	C:\WINDOWS\SYSTEM32\WSOCK32.dll
0x00007ffad5010000 - 0x00007ffad501a000 	C:\WINDOWS\SYSTEM32\VERSION.dll
0x00007ffadf4c0000 - 0x00007ffadf52f000 	C:\WINDOWS\System32\WS2_32.dll
0x00007ffad4a10000 - 0x00007ffad4a34000 	C:\WINDOWS\SYSTEM32\WINMM.dll
0x00007ffad49e0000 - 0x00007ffad4a0d000 	C:\WINDOWS\SYSTEM32\winmmbase.dll
0x00007ffadd0d0000 - 0x00007ffadd11a000 	C:\WINDOWS\System32\cfgmgr32.dll
0x00007ffadcee0000 - 0x00007ffadcef1000 	C:\WINDOWS\System32\kernel.appcore.dll
0x00007ffad35a0000 - 0x00007ffad35b0000 	C:\Program Files\Java\jdk1.8.0_261\jre\bin\verify.dll
0x00007ffad3570000 - 0x00007ffad359b000 	C:\Program Files\Java\jdk1.8.0_261\jre\bin\java.dll
0x00007ffad3550000 - 0x00007ffad3568000 	C:\Program Files\Java\jdk1.8.0_261\jre\bin\zip.dll
0x00007ffade670000 - 0x00007ffaded57000 	C:\WINDOWS\System32\SHELL32.dll
0x00007ffadf360000 - 0x00007ffadf409000 	C:\WINDOWS\System32\shcore.dll
0x00007ffadd750000 - 0x00007ffadded2000 	C:\WINDOWS\System32\windows.storage.dll
0x00007ffadcf50000 - 0x00007ffadcf73000 	C:\WINDOWS\System32\profapi.dll
0x00007ffadcf00000 - 0x00007ffadcf4a000 	C:\WINDOWS\System32\powrprof.dll
0x00007ffadced0000 - 0x00007ffadcee0000 	C:\WINDOWS\System32\UMPDC.dll
0x00007ffade610000 - 0x00007ffade662000 	C:\WINDOWS\System32\shlwapi.dll
0x00007ffade0b0000 - 0x00007ffade0c7000 	C:\WINDOWS\System32\cryptsp.dll
0x00007ffad3370000 - 0x00007ffad3504000 	C:\Program Files\Java\jdk1.8.0_261\jre\bin\awt.dll
0x00007ffade150000 - 0x00007ffade215000 	C:\WINDOWS\System32\OLEAUT32.dll
0x00007ffada910000 - 0x00007ffada99f000 	C:\WINDOWS\SYSTEM32\apphelp.dll
0x00007ffadb480000 - 0x00007ffadb4ad000 	C:\WINDOWS\system32\DWMAPI.DLL
0x00007ffadaf30000 - 0x00007ffadafc9000 	C:\WINDOWS\system32\uxtheme.dll
0x00007ffacff40000 - 0x00007ffad0096000 	C:\WINDOWS\system32\opengl32.dll
0x00007ffacfeb0000 - 0x00007ffacfedc000 	C:\WINDOWS\SYSTEM32\GLU32.dll
0x00007ffadbb30000 - 0x00007ffadbb50000 	C:\WINDOWS\SYSTEM32\dxcore.dll
0x00007ffadf220000 - 0x00007ffadf355000 	C:\WINDOWS\System32\MSCTF.dll
0x00007ffadef20000 - 0x00007ffadf077000 	C:\WINDOWS\System32\ole32.dll
0x00007ffad42b0000 - 0x00007ffad42e2000 	C:\Program Files\Java\jdk1.8.0_261\jre\bin\jpeg.dll
0x00007ffad43a0000 - 0x00007ffad43e9000 	C:\Program Files\Java\jdk1.8.0_261\jre\bin\fontmanager.dll
0x00007ffad66d0000 - 0x00007ffad676e000 	C:\WINDOWS\System32\TextInputFramework.dll
0x00007ffaca290000 - 0x00007ffaca5ba000 	C:\WINDOWS\System32\CoreUIComponents.dll
0x00007ffad9fb0000 - 0x00007ffada084000 	C:\WINDOWS\System32\CoreMessaging.dll
0x00007ffad8620000 - 0x00007ffad8773000 	C:\WINDOWS\SYSTEM32\wintypes.dll
0x00007ffadbf50000 - 0x00007ffadbf81000 	C:\WINDOWS\SYSTEM32\ntmarta.dll
0x00007ffad3530000 - 0x00007ffad354c000 	C:\Program Files\Java\jdk1.8.0_261\jre\bin\net.dll
0x00007ffadc6d0000 - 0x00007ffadc737000 	C:\WINDOWS\system32\mswsock.dll
0x00007ffad3510000 - 0x00007ffad3523000 	C:\Program Files\Java\jdk1.8.0_261\jre\bin\nio.dll
0x00007ffad3230000 - 0x00007ffad3273000 	C:\Program Files\Java\jdk1.8.0_261\jre\bin\t2k.dll
0x00007ffad0430000 - 0x00007ffad06d6000 	C:\WINDOWS\System32\iertutil.dll

VM Arguments:
jvm_args: -Dfile.encoding=UTF-8 
java_command: LibraryManagementSystem
java_class_path (initial): C:\Users\PRATHAMESH\Documents\NetBeansProjects\Library-Management-System-master\Library-Management-System\src\library\management\system\Jar\rs2xml.jar;E:\NetBeans 8.2\ide\modules\ext\mysql-connector-java-5.1.23-bin.jar;C:\Users\PRATHAMESH\Documents\NetBeansProjects\Library-Management-System-master\Library-Management-System\src\library\management\system\Jar\jcalendar-tz-1.3.3-4.jar;C:\Users\PRATHAMESH\Documents\NetBeansProjects\Library-Management-System-master\Library-Management-System\build\classes
Launcher Type: SUN_STANDARD

Environment Variables:
PATH=C:\Program Files (x86)\Common Files\Oracle\Java\javapath;C:\Program Files\Java\jdk-14\bin;C:\Program Files\Common Files\Oracle\Java\javapath;C:\Program Files\Java\jdk-14\bin;C:\WINDOWS\system32;C:\WINDOWS;C:\WINDOWS\System32\Wbem;C:\WINDOWS\System32\WindowsPowerShell\v1.0\;C:\WINDOWS\System32\OpenSSH\;C:\Program Files\Java\jdk-12.0.2\bin;C:\Program Files (x86)\Intel\Intel(R) Management Engine Components\DAL;C:\Program Files\Intel\Intel(R) Management Engine Components\DAL;C:\Program Files\Java\jdk1.8.0_261\bin
USERNAME=PRATHAMESH
OS=Windows_NT
PROCESSOR_IDENTIFIER=Intel64 Family 6 Model 142 Stepping 9, GenuineIntel



---------------  S Y S T E M  ---------------

OS: Windows 10.0 , 64 bit Build 18362 (10.0.18362.959)

CPU:total 4 (initial active 4) (2 cores per cpu, 2 threads per core) family 6 model 142 stepping 9, cmov, cx8, fxsr, mmx, sse, sse2, sse3, ssse3, sse4.1, sse4.2, popcnt, avx, avx2, aes, clmul, erms, 3dnowpref, lzcnt, ht, tsc, tscinvbit, bmi1, bmi2, adx

Memory: 4k page, physical 4056944k(466592k free), swap 16639856k(36k free)

vm_info: Java HotSpot(TM) 64-Bit Server VM (25.261-b12) for windows-amd64 JRE (1.8.0_261-b12), built on Jun 18 2020 06:56:32 by "" with unknown MS VC++:1916

time: Tue Nov  3 17:20:19 2020
timezone: India Standard Time
elapsed time: 12723 seconds (0d 3h 32m 3s)

