#
# There is insufficient memory for the Java Runtime Environment to continue.
# Native memory allocation (malloc) failed to allocate 32744 bytes for ChunkPool::allocate
# Possible reasons:
#   The system is out of physical RAM or swap space
#   The process is running with CompressedOops enabled, and the Java Heap may be blocking the growth of the native heap
# Possible solutions:
#   Reduce memory load on the system
#   Increase physical memory or swap space
#   Check if swap backing store is full
#   Decrease Java heap size (-Xmx/-Xms)
#   Decrease number of Java threads
#   Decrease Java thread stack sizes (-Xss)
#   Set larger code cache with -XX:ReservedCodeCacheSize=
#   JVM is running with Unscaled Compressed Oops mode in which the Java heap is
#     placed in the first 4GB address space. The Java Heap base address is the
#     maximum limit for the native heap growth. Please use -XX:HeapBaseMinAddress
#     to set the Java Heap base and to place the Java Heap above 4GB virtual address.
# This output file may be truncated or incomplete.
#
#  Out of Memory Error (allocation.cpp:272), pid=12352, tid=0x0000000000003250
#
# JRE version: Java(TM) SE Runtime Environment (8.0_261-b12) (build 1.8.0_261-b12)
# Java VM: Java HotSpot(TM) 64-Bit Server VM (25.261-b12 mixed mode windows-amd64 compressed oops)
# Failed to write core dump. Minidumps are not enabled by default on client versions of Windows
#

---------------  T H R E A D  ---------------

Current thread (0x0000017a1f7b8800):  JavaThread "C2 CompilerThread0" daemon [_thread_in_native, id=12880, stack(0x00000030b2a00000,0x00000030b2b00000)]

Stack: [0x00000030b2a00000,0x00000030b2b00000]
Native frames: (J=compiled Java code, j=interpreted, Vv=VM code, C=native code)
V  [jvm.dll+0x33e5f9]


Current CompileTask:
C2:    918  336   !   4       sun.awt.image.PNGImageDecoder::produceImage (1916 bytes)


---------------  P R O C E S S  ---------------

Java Threads: ( => current thread )
  0x0000017a206f9800 JavaThread "Image Fetcher 0" daemon [_thread_blocked, id=7192, stack(0x00000030b3200000,0x00000030b3300000)]
  0x0000017a206cc800 JavaThread "AWT-Windows" daemon [_thread_in_native, id=3552, stack(0x00000030b3100000,0x00000030b3200000)]
  0x0000017a206c3000 JavaThread "AWT-Shutdown" [_thread_blocked, id=15116, stack(0x00000030b3000000,0x00000030b3100000)]
  0x0000017a20677000 JavaThread "Java2D Disposer" daemon [_thread_blocked, id=6772, stack(0x00000030b2f00000,0x00000030b3000000)]
  0x0000017a1f83c800 JavaThread "Service Thread" daemon [_thread_blocked, id=2788, stack(0x00000030b2d00000,0x00000030b2e00000)]
  0x0000017a1f7c4000 JavaThread "C1 CompilerThread2" daemon [_thread_blocked, id=12504, stack(0x00000030b2c00000,0x00000030b2d00000)]
  0x0000017a1f7bd800 JavaThread "C2 CompilerThread1" daemon [_thread_blocked, id=7024, stack(0x00000030b2b00000,0x00000030b2c00000)]
=>0x0000017a1f7b8800 JavaThread "C2 CompilerThread0" daemon [_thread_in_native, id=12880, stack(0x00000030b2a00000,0x00000030b2b00000)]
  0x0000017a1f7b7000 JavaThread "Attach Listener" daemon [_thread_blocked, id=4048, stack(0x00000030b2900000,0x00000030b2a00000)]
  0x0000017a1f7b6800 JavaThread "Signal Dispatcher" daemon [_thread_blocked, id=11692, stack(0x00000030b2800000,0x00000030b2900000)]
  0x0000017a1f066800 JavaThread "Finalizer" daemon [_thread_blocked, id=16064, stack(0x00000030b2700000,0x00000030b2800000)]
  0x0000017a1f796000 JavaThread "Reference Handler" daemon [_thread_blocked, id=16368, stack(0x00000030b2600000,0x00000030b2700000)]
  0x0000017a0b565000 JavaThread "main" [_thread_in_native, id=3324, stack(0x00000030b2000000,0x00000030b2100000)]

Other Threads:
  0x0000017a1f771800 VMThread [stack: 0x00000030b2500000,0x00000030b2600000] [id=10180]
  0x0000017a1f858000 WatcherThread [stack: 0x00000030b2e00000,0x00000030b2f00000] [id=15960]

VM state:not at safepoint (normal execution)

VM Mutex/Monitor currently owned by a thread: None

heap address: 0x00000000c2000000, size: 992 MB, Compressed Oops mode: 32-bit
Narrow klass base: 0x0000000000000000, Narrow klass shift: 3
Compressed class space size: 1073741824 Address: 0x0000000100000000

Heap:
 PSYoungGen      total 18432K, used 7938K [0x00000000eb580000, 0x00000000ed980000, 0x0000000100000000)
  eden space 15872K, 50% used [0x00000000eb580000,0x00000000ebd40a20,0x00000000ec500000)
  from space 2560K, 0% used [0x00000000ec500000,0x00000000ec500000,0x00000000ec780000)
  to   space 2560K, 0% used [0x00000000ed700000,0x00000000ed700000,0x00000000ed980000)
 ParOldGen       total 42496K, used 11177K [0x00000000c2000000, 0x00000000c4980000, 0x00000000eb580000)
  object space 42496K, 26% used [0x00000000c2000000,0x00000000c2aea7d8,0x00000000c4980000)
 Metaspace       used 8128K, capacity 8302K, committed 8576K, reserved 1056768K
  class space    used 963K, capacity 1063K, committed 1152K, reserved 1048576K

Card table byte_map: [0x0000017a1c330000,0x0000017a1c530000] byte_map_base: 0x0000017a1bd20000

Marking Bits: (ParMarkBitMap*) 0x000000006b974fb0
 Begin Bits: [0x0000017a1c680000, 0x0000017a1d600000)
 End Bits:   [0x0000017a1d600000, 0x0000017a1e580000)

Polling page: 0x0000017a0b690000

CodeCache: size=245760Kb used=1977Kb max_used=1984Kb free=243782Kb
 bounds [0x0000017a0cf70000, 0x0000017a0d1e0000, 0x0000017a1bf70000]
 total_blobs=742 nmethods=356 adapters=299
 compilation: enabled

Compilation events (10 events):
Event: 0.695 Thread 0x0000017a1f7c4000 nmethod 348 0x0000017a0d1465d0 code [0x0000017a0d146780, 0x0000017a0d147090]
Event: 0.695 Thread 0x0000017a1f7c4000  349       3       sun.awt.image.ImageWatched$WeakLink::update (39 bytes)
Event: 0.696 Thread 0x0000017a1f7c4000 nmethod 349 0x0000017a0d151390 code [0x0000017a0d151560, 0x0000017a0d151de0]
Event: 0.767 Thread 0x0000017a1f7bd800 nmethod 347 0x0000017a0d158050 code [0x0000017a0d1582c0, 0x0000017a0d15b430]
Event: 0.767 Thread 0x0000017a1f7bd800  351   !   4       java.util.zip.InflaterInputStream::read (138 bytes)
Event: 0.797 Thread 0x0000017a1f7bd800 nmethod 351 0x0000017a0d15df50 code [0x0000017a0d15e100, 0x0000017a0d15f4d8]
Event: 0.797 Thread 0x0000017a1f7bd800  352       4       java.util.zip.InflaterInputStream::available (15 bytes)
Event: 0.798 Thread 0x0000017a1f7bd800 nmethod 352 0x0000017a0d143b50 code [0x0000017a0d143c80, 0x0000017a0d143d18]
Event: 0.798 Thread 0x0000017a1f7bd800  350       4       java.io.BufferedInputStream::fill (233 bytes)
Event: 0.807 Thread 0x0000017a1f7bd800 nmethod 350 0x0000017a0d154710 code [0x0000017a0d154880, 0x0000017a0d154cf8]

GC Heap History (4 events):
Event: 0.491 GC heap before
{Heap before GC invocations=1 (full 0):
 PSYoungGen      total 18432K, used 15872K [0x00000000eb580000, 0x00000000eca00000, 0x0000000100000000)
  eden space 15872K, 100% used [0x00000000eb580000,0x00000000ec500000,0x00000000ec500000)
  from space 2560K, 0% used [0x00000000ec780000,0x00000000ec780000,0x00000000eca00000)
  to   space 2560K, 0% used [0x00000000ec500000,0x00000000ec500000,0x00000000ec780000)
 ParOldGen       total 42496K, used 0K [0x00000000c2000000, 0x00000000c4980000, 0x00000000eb580000)
  object space 42496K, 0% used [0x00000000c2000000,0x00000000c2000000,0x00000000c4980000)
 Metaspace       used 7863K, capacity 8038K, committed 8192K, reserved 1056768K
  class space    used 915K, capacity 999K, committed 1024K, reserved 1048576K
Event: 0.510 GC heap after
Heap after GC invocations=1 (full 0):
 PSYoungGen      total 18432K, used 1584K [0x00000000eb580000, 0x00000000ed980000, 0x0000000100000000)
  eden space 15872K, 0% used [0x00000000eb580000,0x00000000eb580000,0x00000000ec500000)
  from space 2560K, 61% used [0x00000000ec500000,0x00000000ec68c038,0x00000000ec780000)
  to   space 2560K, 0% used [0x00000000ed700000,0x00000000ed700000,0x00000000ed980000)
 ParOldGen       total 42496K, used 28670K [0x00000000c2000000, 0x00000000c4980000, 0x00000000eb580000)
  object space 42496K, 67% used [0x00000000c2000000,0x00000000c3bff830,0x00000000c4980000)
 Metaspace       used 7863K, capacity 8038K, committed 8192K, reserved 1056768K
  class space    used 915K, capacity 999K, committed 1024K, reserved 1048576K
}
Event: 0.510 GC heap before
{Heap before GC invocations=2 (full 1):
 PSYoungGen      total 18432K, used 1584K [0x00000000eb580000, 0x00000000ed980000, 0x0000000100000000)
  eden space 15872K, 0% used [0x00000000eb580000,0x00000000eb580000,0x00000000ec500000)
  from space 2560K, 61% used [0x00000000ec500000,0x00000000ec68c038,0x00000000ec780000)
  to   space 2560K, 0% used [0x00000000ed700000,0x00000000ed700000,0x00000000ed980000)
 ParOldGen       total 42496K, used 28670K [0x00000000c2000000, 0x00000000c4980000, 0x00000000eb580000)
  object space 42496K, 67% used [0x00000000c2000000,0x00000000c3bff830,0x00000000c4980000)
 Metaspace       used 7863K, capacity 8038K, committed 8192K, reserved 1056768K
  class space    used 915K, capacity 999K, committed 1024K, reserved 1048576K
Event: 0.627 GC heap after
Heap after GC invocations=2 (full 1):
 PSYoungGen      total 18432K, used 0K [0x00000000eb580000, 0x00000000ed980000, 0x0000000100000000)
  eden space 15872K, 0% used [0x00000000eb580000,0x00000000eb580000,0x00000000ec500000)
  from space 2560K, 0% used [0x00000000ec500000,0x00000000ec500000,0x00000000ec780000)
  to   space 2560K, 0% used [0x00000000ed700000,0x00000000ed700000,0x00000000ed980000)
 ParOldGen       total 42496K, used 11177K [0x00000000c2000000, 0x00000000c4980000, 0x00000000eb580000)
  object space 42496K, 26% used [0x00000000c2000000,0x00000000c2aea7d8,0x00000000c4980000)
 Metaspace       used 7863K, capacity 8038K, committed 8192K, reserved 1056768K
  class space    used 915K, capacity 999K, committed 1024K, reserved 1048576K
}

Deoptimization events (1 events):
Event: 0.339 Thread 0x0000017a0b565000 Uncommon trap: reason=null_check action=make_not_entrant pc=0x0000017a0d0db294 method=java.lang.String.equals(Ljava/lang/Object;)Z @ 8

Classes redefined (0 events):
No events

Internal exceptions (10 events):
Event: 0.049 Thread 0x0000017a0b565000 Exception <a 'java/lang/NoSuchMethodError': Method sun.misc.Unsafe.prefetchRead(Ljava/lang/Object;J)V name or signature does not match> (0x00000000eb587fa8) thrown at [C:\jenkins\workspace\8-2-build-windows-amd64-cygwin\jdk8u261\295\hotspot\src\share\vm\p
Event: 0.181 Thread 0x0000017a0b565000 Exception <a 'java/security/PrivilegedActionException'> (0x00000000eb61a490) thrown at [C:\jenkins\workspace\8-2-build-windows-amd64-cygwin\jdk8u261\295\hotspot\src\share\vm\prims\jvm.cpp, line 1512]
Event: 0.181 Thread 0x0000017a0b565000 Exception <a 'java/security/PrivilegedActionException'> (0x00000000eb61a6a0) thrown at [C:\jenkins\workspace\8-2-build-windows-amd64-cygwin\jdk8u261\295\hotspot\src\share\vm\prims\jvm.cpp, line 1512]
Event: 0.183 Thread 0x0000017a0b565000 Exception <a 'java/security/PrivilegedActionException'> (0x00000000eb61e5b0) thrown at [C:\jenkins\workspace\8-2-build-windows-amd64-cygwin\jdk8u261\295\hotspot\src\share\vm\prims\jvm.cpp, line 1512]
Event: 0.183 Thread 0x0000017a0b565000 Exception <a 'java/security/PrivilegedActionException'> (0x00000000eb61e7c0) thrown at [C:\jenkins\workspace\8-2-build-windows-amd64-cygwin\jdk8u261\295\hotspot\src\share\vm\prims\jvm.cpp, line 1512]
Event: 0.193 Thread 0x0000017a0b565000 Exception <a 'java/io/FileNotFoundException'> (0x00000000eb6739a0) thrown at [C:\jenkins\workspace\8-2-build-windows-amd64-cygwin\jdk8u261\295\hotspot\src\share\vm\prims\jni.cpp, line 710]
Event: 0.243 Thread 0x0000017a0b565000 Exception <a 'java/lang/NoSuchFieldError': method resolution failed> (0x00000000eb745400) thrown at [C:\jenkins\workspace\8-2-build-windows-amd64-cygwin\jdk8u261\295\hotspot\src\share\vm\prims\methodHandles.cpp, line 1169]
Event: 0.245 Thread 0x0000017a0b565000 Exception <a 'java/lang/NoSuchFieldError': method resolution failed> (0x00000000eb7527d0) thrown at [C:\jenkins\workspace\8-2-build-windows-amd64-cygwin\jdk8u261\295\hotspot\src\share\vm\prims\methodHandles.cpp, line 1169]
Event: 0.298 Thread 0x0000017a0b565000 Exception <a 'java/io/FileNotFoundException'> (0x00000000eb7eb530) thrown at [C:\jenkins\workspace\8-2-build-windows-amd64-cygwin\jdk8u261\295\hotspot\src\share\vm\prims\jni.cpp, line 710]
Event: 0.338 Thread 0x0000017a0b565000 Implicit null exception at 0x0000017a0d0db0db to 0x0000017a0d0db285

Events (10 events):
Event: 0.459 Thread 0x0000017a206f9800 DEOPT PACKING pc=0x0000017a0d12363b sp=0x00000030b32febf0
Event: 0.459 Thread 0x0000017a206f9800 DEOPT UNPACKING pc=0x0000017a0cfb7898 sp=0x00000030b32fe8e8 mode 0
Event: 0.460 Thread 0x0000017a206f9800 DEOPT PACKING pc=0x0000017a0d12363b sp=0x00000030b32febf0
Event: 0.460 Thread 0x0000017a206f9800 DEOPT UNPACKING pc=0x0000017a0cfb7898 sp=0x00000030b32fe8e8 mode 0
Event: 0.460 Thread 0x0000017a206f9800 DEOPT PACKING pc=0x0000017a0d12363b sp=0x00000030b32febf0
Event: 0.460 Thread 0x0000017a206f9800 DEOPT UNPACKING pc=0x0000017a0cfb7898 sp=0x00000030b32fe8e8 mode 0
Event: 0.491 Executing VM operation: ParallelGCFailedAllocation
Event: 0.628 Executing VM operation: ParallelGCFailedAllocation done
Event: 0.634 Thread 0x0000017a206f9800 DEOPT PACKING pc=0x0000017a0d131234 sp=0x00000030b32fec70
Event: 0.634 Thread 0x0000017a206f9800 DEOPT UNPACKING pc=0x0000017a0cfb7898 sp=0x00000030b32feb88 mode 0


Dynamic libraries:
0x00007ff64c5a0000 - 0x00007ff64c5e7000 	C:\Program Files\Java\jdk1.8.0_261\bin\java.exe
0x00007ffb6fd00000 - 0x00007ffb6fef0000 	C:\WINDOWS\SYSTEM32\ntdll.dll
0x00007ffb6e1e0000 - 0x00007ffb6e292000 	C:\WINDOWS\System32\KERNEL32.DLL
0x00007ffb6d7b0000 - 0x00007ffb6da54000 	C:\WINDOWS\System32\KERNELBASE.dll
0x00007ffb6f7c0000 - 0x00007ffb6f863000 	C:\WINDOWS\System32\ADVAPI32.dll
0x00007ffb6e2b0000 - 0x00007ffb6e34e000 	C:\WINDOWS\System32\msvcrt.dll
0x00007ffb6eeb0000 - 0x00007ffb6ef47000 	C:\WINDOWS\System32\sechost.dll
0x00007ffb6e5a0000 - 0x00007ffb6e6c0000 	C:\WINDOWS\System32\RPCRT4.dll
0x00007ffb6f4f0000 - 0x00007ffb6f685000 	C:\WINDOWS\System32\USER32.dll
0x00007ffb6d6d0000 - 0x00007ffb6d6f1000 	C:\WINDOWS\System32\win32u.dll
0x00007ffb6fbc0000 - 0x00007ffb6fbe6000 	C:\WINDOWS\System32\GDI32.dll
0x00007ffb6cc80000 - 0x00007ffb6ce16000 	C:\WINDOWS\System32\gdi32full.dll
0x00007ffb6d5e0000 - 0x00007ffb6d67e000 	C:\WINDOWS\System32\msvcp_win.dll
0x00007ffb6da80000 - 0x00007ffb6db7a000 	C:\WINDOWS\System32\ucrtbase.dll
0x00007ffb5fb60000 - 0x00007ffb5fde4000 	C:\WINDOWS\WinSxS\amd64_microsoft.windows.common-controls_6595b64144ccf1df_6.0.18362.1016_none_9e7a36bbe461dae4\COMCTL32.dll
0x00007ffb6f880000 - 0x00007ffb6fbb5000 	C:\WINDOWS\System32\combase.dll
0x00007ffb6db80000 - 0x00007ffb6dc00000 	C:\WINDOWS\System32\bcryptPrimitives.dll
0x00007ffb6e3b0000 - 0x00007ffb6e3de000 	C:\WINDOWS\System32\IMM32.DLL
0x00007ffb68ae0000 - 0x00007ffb68af5000 	C:\Program Files\Java\jdk1.8.0_261\jre\bin\vcruntime140.dll
0x00007ffb52670000 - 0x00007ffb5270b000 	C:\Program Files\Java\jdk1.8.0_261\jre\bin\msvcp140.dll
0x000000006b180000 - 0x000000006b9ec000 	C:\Program Files\Java\jdk1.8.0_261\jre\bin\server\jvm.dll
0x00007ffb6f870000 - 0x00007ffb6f878000 	C:\WINDOWS\System32\PSAPI.DLL
0x00007ffb632d0000 - 0x00007ffb632da000 	C:\WINDOWS\SYSTEM32\VERSION.dll
0x00007ffb67ef0000 - 0x00007ffb67ef9000 	C:\WINDOWS\SYSTEM32\WSOCK32.dll
0x00007ffb6a670000 - 0x00007ffb6a694000 	C:\WINDOWS\SYSTEM32\WINMM.dll
0x00007ffb6ef50000 - 0x00007ffb6efbf000 	C:\WINDOWS\System32\WS2_32.dll
0x00007ffb6a640000 - 0x00007ffb6a66d000 	C:\WINDOWS\SYSTEM32\winmmbase.dll
0x00007ffb6d680000 - 0x00007ffb6d6ca000 	C:\WINDOWS\System32\cfgmgr32.dll
0x00007ffb6cbc0000 - 0x00007ffb6cbd1000 	C:\WINDOWS\System32\kernel.appcore.dll
0x00007ffb68ac0000 - 0x00007ffb68ad0000 	C:\Program Files\Java\jdk1.8.0_261\jre\bin\verify.dll
0x00007ffb65be0000 - 0x00007ffb65c0b000 	C:\Program Files\Java\jdk1.8.0_261\jre\bin\java.dll
0x00007ffb65010000 - 0x00007ffb65028000 	C:\Program Files\Java\jdk1.8.0_261\jre\bin\zip.dll
0x00007ffb6e7a0000 - 0x00007ffb6ee87000 	C:\WINDOWS\System32\SHELL32.dll
0x00007ffb6f690000 - 0x00007ffb6f739000 	C:\WINDOWS\System32\shcore.dll
0x00007ffb6ce50000 - 0x00007ffb6d5d2000 	C:\WINDOWS\System32\windows.storage.dll
0x00007ffb6cc00000 - 0x00007ffb6cc23000 	C:\WINDOWS\System32\profapi.dll
0x00007ffb6cc30000 - 0x00007ffb6cc7a000 	C:\WINDOWS\System32\powrprof.dll
0x00007ffb6cbb0000 - 0x00007ffb6cbc0000 	C:\WINDOWS\System32\UMPDC.dll
0x00007ffb6f020000 - 0x00007ffb6f072000 	C:\WINDOWS\System32\shlwapi.dll
0x00007ffb6da60000 - 0x00007ffb6da77000 	C:\WINDOWS\System32\cryptsp.dll
0x00007ffb46b60000 - 0x00007ffb46cf4000 	C:\Program Files\Java\jdk1.8.0_261\jre\bin\awt.dll
0x00007ffb6fbf0000 - 0x00007ffb6fcb5000 	C:\WINDOWS\System32\OLEAUT32.dll
0x00007ffb6a550000 - 0x00007ffb6a5df000 	C:\WINDOWS\SYSTEM32\apphelp.dll
0x00007ffb6b0a0000 - 0x00007ffb6b0cd000 	C:\WINDOWS\system32\DWMAPI.DLL
0x00007ffb6aec0000 - 0x00007ffb6af59000 	C:\WINDOWS\system32\uxtheme.dll
0x00007ffb590b0000 - 0x00007ffb59206000 	C:\WINDOWS\system32\opengl32.dll
0x00007ffb59060000 - 0x00007ffb5908c000 	C:\WINDOWS\SYSTEM32\GLU32.dll
0x00007ffb6b810000 - 0x00007ffb6b830000 	C:\WINDOWS\SYSTEM32\dxcore.dll
0x00007ffb6e3e0000 - 0x00007ffb6e515000 	C:\WINDOWS\System32\MSCTF.dll
0x00007ffb6e080000 - 0x00007ffb6e1d7000 	C:\WINDOWS\System32\ole32.dll

VM Arguments:
jvm_args: -Dfile.encoding=UTF-8 
java_command: library.management.system.Login_user
java_class_path (initial): C:\Users\PRATHAMESH\Documents\NetBeansProjects\Library-Management-System-master\Library-Management-System\src\library\management\system\Jar\rs2xml.jar;E:\NetBeans 8.2\ide\modules\ext\mysql-connector-java-5.1.23-bin.jar;C:\Users\PRATHAMESH\Documents\NetBeansProjects\Library-Management-System-master\Library-Management-System\src\library\management\system\Jar\jcalendar-tz-1.3.3-4.jar;C:\Users\PRATHAMESH\Documents\NetBeansProjects\Library-Management-System-master\Library-Management-System\build\classes
Launcher Type: SUN_STANDARD

Environment Variables:
PATH=C:\Program Files (x86)\Common Files\Oracle\Java\javapath;C:\Program Files\Java\jdk-14\bin;C:\Program Files\Common Files\Oracle\Java\javapath;C:\Program Files\Java\jdk-14\bin;C:\WINDOWS\system32;C:\WINDOWS;C:\WINDOWS\System32\Wbem;C:\WINDOWS\System32\WindowsPowerShell\v1.0\;C:\WINDOWS\System32\OpenSSH\;C:\Program Files\Java\jdk-12.0.2\bin;C:\Program Files (x86)\Intel\Intel(R) Management Engine Components\DAL;C:\Program Files\Intel\Intel(R) Management Engine Components\DAL;C:\Program Files\Java\jdk1.8.0_261\bin
USERNAME=PRATHAMESH
OS=Windows_NT
PROCESSOR_IDENTIFIER=Intel64 Family 6 Model 142 Stepping 9, GenuineIntel



---------------  S Y S T E M  ---------------

OS: Windows 10.0 , 64 bit Build 18362 (10.0.18362.959)

CPU:total 4 (initial active 4) (2 cores per cpu, 2 threads per core) family 6 model 142 stepping 9, cmov, cx8, fxsr, mmx, sse, sse2, sse3, ssse3, sse4.1, sse4.2, popcnt, avx, avx2, aes, clmul, erms, 3dnowpref, lzcnt, ht, tsc, tscinvbit, bmi1, bmi2, adx

Memory: 4k page, physical 4056944k(265712k free), swap 16639856k(1992k free)

vm_info: Java HotSpot(TM) 64-Bit Server VM (25.261-b12) for windows-amd64 JRE (1.8.0_261-b12), built on Jun 18 2020 06:56:32 by "" with unknown MS VC++:1916

time: Sun Nov  1 20:02:14 2020
timezone: India Standard Time
elapsed time: 0 seconds (0d 0h 0m 0s)

