#
# There is insufficient memory for the Java Runtime Environment to continue.
# Native memory allocation (malloc) failed to allocate 32744 bytes for ChunkPool::allocate
# Possible reasons:
#   The system is out of physical RAM or swap space
#   The process is running with CompressedOops enabled, and the Java Heap may be blocking the growth of the native heap
# Possible solutions:
#   Reduce memory load on the system
#   Increase physical memory or swap space
#   Check if swap backing store is full
#   Decrease Java heap size (-Xmx/-Xms)
#   Decrease number of Java threads
#   Decrease Java thread stack sizes (-Xss)
#   Set larger code cache with -XX:ReservedCodeCacheSize=
#   JVM is running with Unscaled Compressed Oops mode in which the Java heap is
#     placed in the first 4GB address space. The Java Heap base address is the
#     maximum limit for the native heap growth. Please use -XX:HeapBaseMinAddress
#     to set the Java Heap base and to place the Java Heap above 4GB virtual address.
# This output file may be truncated or incomplete.
#
#  Out of Memory Error (allocation.cpp:272), pid=5952, tid=0x00000000000044c0
#
# JRE version: Java(TM) SE Runtime Environment (8.0_261-b12) (build 1.8.0_261-b12)
# Java VM: Java HotSpot(TM) 64-Bit Server VM (25.261-b12 mixed mode windows-amd64 compressed oops)
# Failed to write core dump. Minidumps are not enabled by default on client versions of Windows
#

---------------  T H R E A D  ---------------

Current thread (0x00000200a49df000):  JavaThread "C1 CompilerThread2" daemon [_thread_in_native, id=17600, stack(0x000000bc6f400000,0x000000bc6f500000)]

Stack: [0x000000bc6f400000,0x000000bc6f500000]
Native frames: (J=compiled Java code, j=interpreted, Vv=VM code, C=native code)
V  [jvm.dll+0x33e5f9]
V  [jvm.dll+0x2850e2]
V  [jvm.dll+0x285d8d]
V  [jvm.dll+0x27c895]
V  [jvm.dll+0xe520d]
V  [jvm.dll+0xe556c]
V  [jvm.dll+0x4205ff]
V  [jvm.dll+0x41a4b9]
V  [jvm.dll+0x41760e]
V  [jvm.dll+0x403f30]
V  [jvm.dll+0x3efec3]
V  [jvm.dll+0x3ef7bd]
V  [jvm.dll+0x3ef99e]
V  [jvm.dll+0x3ef0f1]
V  [jvm.dll+0x3f0b2f]
V  [jvm.dll+0xbbbcb]
V  [jvm.dll+0xba22b]
V  [jvm.dll+0x24d962]
V  [jvm.dll+0x2a1cfc]
C  [ucrtbase.dll+0x20e82]
C  [KERNEL32.DLL+0x17bd4]
C  [ntdll.dll+0x6ce51]


Current CompileTask:
C1:    679  314 % !   3       sun.awt.image.PNGImageDecoder::produceImage @ 960 (1916 bytes)


---------------  P R O C E S S  ---------------

Java Threads: ( => current thread )
  0x00000200a49e1800 JavaThread "Image Fetcher 0" daemon [_thread_in_Java, id=17728, stack(0x000000bc6fa00000,0x000000bc6fb00000)]
  0x00000200a49e2000 JavaThread "AWT-Windows" daemon [_thread_in_native, id=6604, stack(0x000000bc6f900000,0x000000bc6fa00000)]
  0x00000200a49e3800 JavaThread "AWT-Shutdown" [_thread_blocked, id=18144, stack(0x000000bc6f800000,0x000000bc6f900000)]
  0x00000200a49e0800 JavaThread "Java2D Disposer" daemon [_thread_blocked, id=17544, stack(0x000000bc6f700000,0x000000bc6f800000)]
  0x00000200a49e0000 JavaThread "Service Thread" daemon [_thread_blocked, id=1248, stack(0x000000bc6f500000,0x000000bc6f600000)]
=>0x00000200a49df000 JavaThread "C1 CompilerThread2" daemon [_thread_in_native, id=17600, stack(0x000000bc6f400000,0x000000bc6f500000)]
  0x00000200a49d1000 JavaThread "C2 CompilerThread1" daemon [_thread_blocked, id=17964, stack(0x000000bc6f300000,0x000000bc6f400000)]
  0x00000200a49cb000 JavaThread "C2 CompilerThread0" daemon [_thread_in_native, id=18148, stack(0x000000bc6f200000,0x000000bc6f300000)]
  0x00000200a49ca000 JavaThread "Attach Listener" daemon [_thread_blocked, id=5860, stack(0x000000bc6f100000,0x000000bc6f200000)]
  0x00000200a49c8000 JavaThread "Signal Dispatcher" daemon [_thread_blocked, id=18044, stack(0x000000bc6f000000,0x000000bc6f100000)]
  0x00000200a4279800 JavaThread "Finalizer" daemon [_thread_blocked, id=6492, stack(0x000000bc6ef00000,0x000000bc6f000000)]
  0x00000200a49a6000 JavaThread "Reference Handler" daemon [_thread_blocked, id=7756, stack(0x000000bc6ee00000,0x000000bc6ef00000)]
  0x0000020090803800 JavaThread "main" [_thread_blocked, id=16192, stack(0x000000bc6e800000,0x000000bc6e900000)]

Other Threads:
  0x00000200a4982000 VMThread [stack: 0x000000bc6ed00000,0x000000bc6ee00000] [id=12684]
  0x00000200a4a82000 WatcherThread [stack: 0x000000bc6f600000,0x000000bc6f700000] [id=10640]

VM state:not at safepoint (normal execution)

VM Mutex/Monitor currently owned by a thread: None

heap address: 0x00000000c2000000, size: 992 MB, Compressed Oops mode: 32-bit
Narrow klass base: 0x0000000000000000, Narrow klass shift: 3
Compressed class space size: 1073741824 Address: 0x0000000100000000

Heap:
 PSYoungGen      total 18432K, used 14111K [0x00000000eb580000, 0x00000000eca00000, 0x0000000100000000)
  eden space 15872K, 88% used [0x00000000eb580000,0x00000000ec347d18,0x00000000ec500000)
  from space 2560K, 0% used [0x00000000ec780000,0x00000000ec780000,0x00000000eca00000)
  to   space 2560K, 0% used [0x00000000ec500000,0x00000000ec500000,0x00000000ec780000)
 ParOldGen       total 42496K, used 0K [0x00000000c2000000, 0x00000000c4980000, 0x00000000eb580000)
  object space 42496K, 0% used [0x00000000c2000000,0x00000000c2000000,0x00000000c4980000)
 Metaspace       used 7859K, capacity 8026K, committed 8192K, reserved 1056768K
  class space    used 915K, capacity 999K, committed 1024K, reserved 1048576K

Card table byte_map: [0x00000200a1520000,0x00000200a1720000] byte_map_base: 0x00000200a0f10000

Marking Bits: (ParMarkBitMap*) 0x000000006b974fb0
 Begin Bits: [0x00000200a1870000, 0x00000200a27f0000)
 End Bits:   [0x00000200a27f0000, 0x00000200a3770000)

Polling page: 0x00000200907c0000

CodeCache: size=245760Kb used=1774Kb max_used=1787Kb free=243985Kb
 bounds [0x0000020092160000, 0x00000200923d0000, 0x00000200a1160000]
 total_blobs=698 nmethods=314 adapters=297
 compilation: enabled

Compilation events (10 events):
Event: 0.408 Thread 0x00000200a49df000 nmethod 308 0x0000020092318e10 code [0x0000020092318f80, 0x0000020092319270]
Event: 0.408 Thread 0x00000200a49df000  310       3       sun.awt.image.PNGImageDecoder::update_crc (41 bytes)
Event: 0.409 Thread 0x00000200a49df000 nmethod 310 0x0000020092319390 code [0x0000020092319500, 0x0000020092319758]
Event: 0.409 Thread 0x00000200a49df000  309   !   3       java.util.zip.Inflater::inflate (113 bytes)
Event: 0.409 Thread 0x00000200a49cb000  311 %     4       sun.awt.image.PNGImageDecoder::filterRow @ 79 (459 bytes)
Event: 0.409 Thread 0x00000200a49df000 nmethod 309 0x0000020092319910 code [0x0000020092319ac0, 0x000002009231a140]
Event: 0.413 Thread 0x00000200a49cb000 nmethod 311% 0x000002009231d6d0 code [0x000002009231d820, 0x000002009231da78]
Event: 0.413 Thread 0x00000200a49d1000  313       4       sun.awt.image.PNGImageDecoder::filterRow (459 bytes)
Event: 0.413 Thread 0x00000200a49df000  314 % !   3       sun.awt.image.PNGImageDecoder::produceImage @ 960 (1916 bytes)
Event: 0.415 Thread 0x00000200a49cb000  317 %     4       sun.awt.image.PNGImageDecoder::update_crc @ 3 (41 bytes)

GC Heap History (0 events):
No events

Deoptimization events (1 events):
Event: 0.322 Thread 0x0000020090803800 Uncommon trap: reason=null_check action=make_not_entrant pc=0x00000200922c6e14 method=java.lang.String.equals(Ljava/lang/Object;)Z @ 8

Classes redefined (0 events):
No events

Internal exceptions (10 events):
Event: 0.046 Thread 0x0000020090803800 Exception <a 'java/lang/NoSuchMethodError': Method sun.misc.Unsafe.prefetchRead(Ljava/lang/Object;J)V name or signature does not match> (0x00000000eb587fa8) thrown at [C:\jenkins\workspace\8-2-build-windows-amd64-cygwin\jdk8u261\295\hotspot\src\share\vm\p
Event: 0.170 Thread 0x0000020090803800 Exception <a 'java/security/PrivilegedActionException'> (0x00000000eb61a490) thrown at [C:\jenkins\workspace\8-2-build-windows-amd64-cygwin\jdk8u261\295\hotspot\src\share\vm\prims\jvm.cpp, line 1512]
Event: 0.170 Thread 0x0000020090803800 Exception <a 'java/security/PrivilegedActionException'> (0x00000000eb61a6a0) thrown at [C:\jenkins\workspace\8-2-build-windows-amd64-cygwin\jdk8u261\295\hotspot\src\share\vm\prims\jvm.cpp, line 1512]
Event: 0.172 Thread 0x0000020090803800 Exception <a 'java/security/PrivilegedActionException'> (0x00000000eb61e5b0) thrown at [C:\jenkins\workspace\8-2-build-windows-amd64-cygwin\jdk8u261\295\hotspot\src\share\vm\prims\jvm.cpp, line 1512]
Event: 0.172 Thread 0x0000020090803800 Exception <a 'java/security/PrivilegedActionException'> (0x00000000eb61e7c0) thrown at [C:\jenkins\workspace\8-2-build-windows-amd64-cygwin\jdk8u261\295\hotspot\src\share\vm\prims\jvm.cpp, line 1512]
Event: 0.182 Thread 0x0000020090803800 Exception <a 'java/io/FileNotFoundException'> (0x00000000eb6739a0) thrown at [C:\jenkins\workspace\8-2-build-windows-amd64-cygwin\jdk8u261\295\hotspot\src\share\vm\prims\jni.cpp, line 710]
Event: 0.225 Thread 0x0000020090803800 Exception <a 'java/lang/NoSuchFieldError': method resolution failed> (0x00000000eb745128) thrown at [C:\jenkins\workspace\8-2-build-windows-amd64-cygwin\jdk8u261\295\hotspot\src\share\vm\prims\methodHandles.cpp, line 1169]
Event: 0.227 Thread 0x0000020090803800 Exception <a 'java/lang/NoSuchFieldError': method resolution failed> (0x00000000eb7524f8) thrown at [C:\jenkins\workspace\8-2-build-windows-amd64-cygwin\jdk8u261\295\hotspot\src\share\vm\prims\methodHandles.cpp, line 1169]
Event: 0.282 Thread 0x0000020090803800 Exception <a 'java/io/FileNotFoundException'> (0x00000000eb7eb760) thrown at [C:\jenkins\workspace\8-2-build-windows-amd64-cygwin\jdk8u261\295\hotspot\src\share\vm\prims\jni.cpp, line 710]
Event: 0.322 Thread 0x0000020090803800 Implicit null exception at 0x00000200922c6c5b to 0x00000200922c6e05

Events (10 events):
Event: 0.414 Thread 0x00000200a49e1800 DEOPT PACKING pc=0x0000020092317d3b sp=0x000000bc6faff060
Event: 0.414 Thread 0x00000200a49e1800 DEOPT UNPACKING pc=0x00000200921a7898 sp=0x000000bc6fafed88 mode 0
Event: 0.415 Thread 0x00000200a49e1800 DEOPT PACKING pc=0x0000020092317d3b sp=0x000000bc6faff060
Event: 0.415 Thread 0x00000200a49e1800 DEOPT UNPACKING pc=0x00000200921a7898 sp=0x000000bc6fafed88 mode 0
Event: 0.417 Thread 0x00000200a49e1800 DEOPT PACKING pc=0x0000020092317d3b sp=0x000000bc6faff060
Event: 0.417 Thread 0x00000200a49e1800 DEOPT UNPACKING pc=0x00000200921a7898 sp=0x000000bc6fafed88 mode 0
Event: 0.417 Thread 0x00000200a49e1800 DEOPT PACKING pc=0x0000020092317d3b sp=0x000000bc6faff060
Event: 0.417 Thread 0x00000200a49e1800 DEOPT UNPACKING pc=0x00000200921a7898 sp=0x000000bc6fafed88 mode 0
Event: 0.418 Thread 0x00000200a49e1800 DEOPT PACKING pc=0x0000020092317d3b sp=0x000000bc6faff060
Event: 0.418 Thread 0x00000200a49e1800 DEOPT UNPACKING pc=0x00000200921a7898 sp=0x000000bc6fafed88 mode 0


Dynamic libraries:
0x00007ff64c5a0000 - 0x00007ff64c5e7000 	C:\Program Files\Java\jdk1.8.0_261\bin\java.exe
0x00007ffb6fd00000 - 0x00007ffb6fef0000 	C:\WINDOWS\SYSTEM32\ntdll.dll
0x00007ffb6e1e0000 - 0x00007ffb6e292000 	C:\WINDOWS\System32\KERNEL32.DLL
0x00007ffb6d7b0000 - 0x00007ffb6da54000 	C:\WINDOWS\System32\KERNELBASE.dll
0x00007ffb6f7c0000 - 0x00007ffb6f863000 	C:\WINDOWS\System32\ADVAPI32.dll
0x00007ffb6e2b0000 - 0x00007ffb6e34e000 	C:\WINDOWS\System32\msvcrt.dll
0x00007ffb6eeb0000 - 0x00007ffb6ef47000 	C:\WINDOWS\System32\sechost.dll
0x00007ffb6e5a0000 - 0x00007ffb6e6c0000 	C:\WINDOWS\System32\RPCRT4.dll
0x00007ffb6f4f0000 - 0x00007ffb6f685000 	C:\WINDOWS\System32\USER32.dll
0x00007ffb6d6d0000 - 0x00007ffb6d6f1000 	C:\WINDOWS\System32\win32u.dll
0x00007ffb6fbc0000 - 0x00007ffb6fbe6000 	C:\WINDOWS\System32\GDI32.dll
0x00007ffb6cc80000 - 0x00007ffb6ce16000 	C:\WINDOWS\System32\gdi32full.dll
0x00007ffb6d5e0000 - 0x00007ffb6d67e000 	C:\WINDOWS\System32\msvcp_win.dll
0x00007ffb6da80000 - 0x00007ffb6db7a000 	C:\WINDOWS\System32\ucrtbase.dll
0x00007ffb5fb60000 - 0x00007ffb5fde4000 	C:\WINDOWS\WinSxS\amd64_microsoft.windows.common-controls_6595b64144ccf1df_6.0.18362.1016_none_9e7a36bbe461dae4\COMCTL32.dll
0x00007ffb6f880000 - 0x00007ffb6fbb5000 	C:\WINDOWS\System32\combase.dll
0x00007ffb6db80000 - 0x00007ffb6dc00000 	C:\WINDOWS\System32\bcryptPrimitives.dll
0x00007ffb6e3b0000 - 0x00007ffb6e3de000 	C:\WINDOWS\System32\IMM32.DLL
0x00007ffb68ae0000 - 0x00007ffb68af5000 	C:\Program Files\Java\jdk1.8.0_261\jre\bin\vcruntime140.dll
0x00007ffb52670000 - 0x00007ffb5270b000 	C:\Program Files\Java\jdk1.8.0_261\jre\bin\msvcp140.dll
0x000000006b180000 - 0x000000006b9ec000 	C:\Program Files\Java\jdk1.8.0_261\jre\bin\server\jvm.dll
0x00007ffb6f870000 - 0x00007ffb6f878000 	C:\WINDOWS\System32\PSAPI.DLL
0x00007ffb6a670000 - 0x00007ffb6a694000 	C:\WINDOWS\SYSTEM32\WINMM.dll
0x00007ffb67ef0000 - 0x00007ffb67ef9000 	C:\WINDOWS\SYSTEM32\WSOCK32.dll
0x00007ffb6ef50000 - 0x00007ffb6efbf000 	C:\WINDOWS\System32\WS2_32.dll
0x00007ffb6a640000 - 0x00007ffb6a66d000 	C:\WINDOWS\SYSTEM32\winmmbase.dll
0x00007ffb6d680000 - 0x00007ffb6d6ca000 	C:\WINDOWS\System32\cfgmgr32.dll
0x00007ffb632d0000 - 0x00007ffb632da000 	C:\WINDOWS\SYSTEM32\VERSION.dll
0x00007ffb6cbc0000 - 0x00007ffb6cbd1000 	C:\WINDOWS\System32\kernel.appcore.dll
0x00007ffb68ac0000 - 0x00007ffb68ad0000 	C:\Program Files\Java\jdk1.8.0_261\jre\bin\verify.dll
0x00007ffb65be0000 - 0x00007ffb65c0b000 	C:\Program Files\Java\jdk1.8.0_261\jre\bin\java.dll
0x00007ffb65010000 - 0x00007ffb65028000 	C:\Program Files\Java\jdk1.8.0_261\jre\bin\zip.dll
0x00007ffb6e7a0000 - 0x00007ffb6ee87000 	C:\WINDOWS\System32\SHELL32.dll
0x00007ffb6f690000 - 0x00007ffb6f739000 	C:\WINDOWS\System32\shcore.dll
0x00007ffb6ce50000 - 0x00007ffb6d5d2000 	C:\WINDOWS\System32\windows.storage.dll
0x00007ffb6cc00000 - 0x00007ffb6cc23000 	C:\WINDOWS\System32\profapi.dll
0x00007ffb6cc30000 - 0x00007ffb6cc7a000 	C:\WINDOWS\System32\powrprof.dll
0x00007ffb6cbb0000 - 0x00007ffb6cbc0000 	C:\WINDOWS\System32\UMPDC.dll
0x00007ffb6f020000 - 0x00007ffb6f072000 	C:\WINDOWS\System32\shlwapi.dll
0x00007ffb6da60000 - 0x00007ffb6da77000 	C:\WINDOWS\System32\cryptsp.dll
0x00007ffb46b60000 - 0x00007ffb46cf4000 	C:\Program Files\Java\jdk1.8.0_261\jre\bin\awt.dll
0x00007ffb6fbf0000 - 0x00007ffb6fcb5000 	C:\WINDOWS\System32\OLEAUT32.dll
0x00007ffb6a550000 - 0x00007ffb6a5df000 	C:\WINDOWS\SYSTEM32\apphelp.dll
0x00007ffb6b0a0000 - 0x00007ffb6b0cd000 	C:\WINDOWS\system32\DWMAPI.DLL
0x00007ffb6aec0000 - 0x00007ffb6af59000 	C:\WINDOWS\system32\uxtheme.dll
0x00007ffb590b0000 - 0x00007ffb59206000 	C:\WINDOWS\system32\opengl32.dll
0x00007ffb59060000 - 0x00007ffb5908c000 	C:\WINDOWS\SYSTEM32\GLU32.dll
0x00007ffb6b810000 - 0x00007ffb6b830000 	C:\WINDOWS\SYSTEM32\dxcore.dll
0x00007ffb6e3e0000 - 0x00007ffb6e515000 	C:\WINDOWS\System32\MSCTF.dll
0x00007ffb6e080000 - 0x00007ffb6e1d7000 	C:\WINDOWS\System32\ole32.dll
0x00007ffb6b4b0000 - 0x00007ffb6b6a4000 	C:\WINDOWS\SYSTEM32\dbghelp.dll

VM Arguments:
jvm_args: -Dfile.encoding=UTF-8 
java_command: library.management.system.Login_user
java_class_path (initial): C:\Users\PRATHAMESH\Documents\NetBeansProjects\Library-Management-System-master\Library-Management-System\src\library\management\system\Jar\rs2xml.jar;E:\NetBeans 8.2\ide\modules\ext\mysql-connector-java-5.1.23-bin.jar;C:\Users\PRATHAMESH\Documents\NetBeansProjects\Library-Management-System-master\Library-Management-System\src\library\management\system\Jar\jcalendar-tz-1.3.3-4.jar;C:\Users\PRATHAMESH\Documents\NetBeansProjects\Library-Management-System-master\Library-Management-System\build\classes
Launcher Type: SUN_STANDARD

Environment Variables:
PATH=C:\Program Files (x86)\Common Files\Oracle\Java\javapath;C:\Program Files\Java\jdk-14\bin;C:\Program Files\Common Files\Oracle\Java\javapath;C:\Program Files\Java\jdk-14\bin;C:\WINDOWS\system32;C:\WINDOWS;C:\WINDOWS\System32\Wbem;C:\WINDOWS\System32\WindowsPowerShell\v1.0\;C:\WINDOWS\System32\OpenSSH\;C:\Program Files\Java\jdk-12.0.2\bin;C:\Program Files (x86)\Intel\Intel(R) Management Engine Components\DAL;C:\Program Files\Intel\Intel(R) Management Engine Components\DAL;C:\Program Files\Java\jdk1.8.0_261\bin
USERNAME=PRATHAMESH
OS=Windows_NT
PROCESSOR_IDENTIFIER=Intel64 Family 6 Model 142 Stepping 9, GenuineIntel



---------------  S Y S T E M  ---------------

OS: Windows 10.0 , 64 bit Build 18362 (10.0.18362.959)

CPU:total 4 (initial active 4) (2 cores per cpu, 2 threads per core) family 6 model 142 stepping 9, cmov, cx8, fxsr, mmx, sse, sse2, sse3, ssse3, sse4.1, sse4.2, popcnt, avx, avx2, aes, clmul, erms, 3dnowpref, lzcnt, ht, tsc, tscinvbit, bmi1, bmi2, adx

Memory: 4k page, physical 4056944k(304884k free), swap 16639856k(8k free)

vm_info: Java HotSpot(TM) 64-Bit Server VM (25.261-b12) for windows-amd64 JRE (1.8.0_261-b12), built on Jun 18 2020 06:56:32 by "" with unknown MS VC++:1916

time: Sun Nov  1 20:02:26 2020
timezone: India Standard Time
elapsed time: 0 seconds (0d 0h 0m 0s)

